{"/Users/jianwei/v5/xinxin/src/combat.ts": {"path":"/Users/jianwei/v5/xinxin/src/combat.ts","statementMap":{"0":{"start":{"line":42,"column":20},"end":{"line":42,"column":90}},"1":{"start":{"line":43,"column":19},"end":{"line":43,"column":null}},"2":{"start":{"line":44,"column":4},"end":{"line":44,"column":null}},"3":{"start":{"line":44,"column":16},"end":{"line":44,"column":null}},"4":{"start":{"line":47,"column":21},"end":{"line":47,"column":null}},"5":{"start":{"line":48,"column":19},"end":{"line":48,"column":null}},"6":{"start":{"line":51,"column":21},"end":{"line":51,"column":null}},"7":{"start":{"line":52,"column":17},"end":{"line":52,"column":99}},"8":{"start":{"line":54,"column":4},"end":{"line":55,"column":null}},"9":{"start":{"line":55,"column":6},"end":{"line":55,"column":null}},"10":{"start":{"line":58,"column":4},"end":{"line":58,"column":null}},"11":{"start":{"line":62,"column":4},"end":{"line":62,"column":null}},"12":{"start":{"line":68,"column":4},"end":{"line":68,"column":null}},"13":{"start":{"line":75,"column":26},"end":{"line":75,"column":null}},"14":{"start":{"line":78,"column":22},"end":{"line":78,"column":null}},"15":{"start":{"line":80,"column":23},"end":{"line":80,"column":83}},"16":{"start":{"line":81,"column":18},"end":{"line":81,"column":null}},"17":{"start":{"line":82,"column":8},"end":{"line":82,"column":55}},"18":{"start":{"line":83,"column":19},"end":{"line":83,"column":null}},"19":{"start":{"line":85,"column":21},"end":{"line":85,"column":null}},"20":{"start":{"line":86,"column":15},"end":{"line":86,"column":null}},"21":{"start":{"line":88,"column":8},"end":{"line":88,"column":53}},"22":{"start":{"line":90,"column":16},"end":{"line":90,"column":null}},"23":{"start":{"line":92,"column":2},"end":{"line":106,"column":null}},"24":{"start":{"line":111,"column":18},"end":{"line":111,"column":null}},"25":{"start":{"line":112,"column":8},"end":{"line":112,"column":48}},"26":{"start":{"line":113,"column":16},"end":{"line":113,"column":null}},"27":{"start":{"line":115,"column":21},"end":{"line":115,"column":null}},"28":{"start":{"line":116,"column":15},"end":{"line":116,"column":null}},"29":{"start":{"line":119,"column":8},"end":{"line":119,"column":46}},"30":{"start":{"line":120,"column":16},"end":{"line":120,"column":null}},"31":{"start":{"line":122,"column":2},"end":{"line":136,"column":null}}},"fnMap":{"0":{"name":"(anonymous_0)","decl":{"start":{"line":36,"column":9},"end":{"line":36,"column":null}},"loc":{"start":{"line":40,"column":58},"end":{"line":58,"column":null}},"line":40},"1":{"name":"(anonymous_1)","decl":{"start":{"line":61,"column":9},"end":{"line":61,"column":26}},"loc":{"start":{"line":61,"column":85},"end":{"line":62,"column":null}},"line":61},"2":{"name":"(anonymous_2)","decl":{"start":{"line":66,"column":9},"end":{"line":66,"column":48}},"loc":{"start":{"line":66,"column":48},"end":{"line":68,"column":null}},"line":66},"3":{"name":"generateRivalPetForLevel","decl":{"start":{"line":77,"column":16},"end":{"line":77,"column":41}},"loc":{"start":{"line":77,"column":84},"end":{"line":106,"column":null}},"line":77},"4":{"name":"generateRivalPet","decl":{"start":{"line":109,"column":16},"end":{"line":109,"column":33}},"loc":{"start":{"line":109,"column":62},"end":{"line":136,"column":null}},"line":109}},"branchMap":{"0":{"loc":{"start":{"line":39,"column":4},"end":{"line":39,"column":null}},"type":"default-arg","locations":[{"start":{"line":39,"column":25},"end":{"line":39,"column":null}}],"line":39},"1":{"loc":{"start":{"line":44,"column":4},"end":{"line":44,"column":null}},"type":"if","locations":[{"start":{"line":44,"column":4},"end":{"line":44,"column":null}},{"start":{},"end":{}}],"line":44},"2":{"loc":{"start":{"line":54,"column":4},"end":{"line":55,"column":null}},"type":"if","locations":[{"start":{"line":54,"column":4},"end":{"line":55,"column":null}},{"start":{},"end":{}}],"line":54},"3":{"loc":{"start":{"line":62,"column":11},"end":{"line":62,"column":82}},"type":"cond-expr","locations":[{"start":{"line":62,"column":49},"end":{"line":62,"column":64}},{"start":{"line":62,"column":67},"end":{"line":62,"column":82}}],"line":62},"4":{"loc":{"start":{"line":68,"column":11},"end":{"line":68,"column":null}},"type":"cond-expr","locations":[{"start":{"line":68,"column":33},"end":{"line":68,"column":43}},{"start":{"line":68,"column":43},"end":{"line":68,"column":null}}],"line":68},"5":{"loc":{"start":{"line":90,"column":16},"end":{"line":90,"column":null}},"type":"cond-expr","locations":[{"start":{"line":90,"column":29},"end":{"line":90,"column":36}},{"start":{"line":90,"column":36},"end":{"line":90,"column":null}}],"line":90},"6":{"loc":{"start":{"line":90,"column":36},"end":{"line":90,"column":null}},"type":"cond-expr","locations":[{"start":{"line":90,"column":49},"end":{"line":90,"column":55}},{"start":{"line":90,"column":55},"end":{"line":90,"column":null}}],"line":90}},"s":{"0":6,"1":6,"2":6,"3":1,"4":5,"5":5,"6":5,"7":5,"8":5,"9":1,"10":5,"11":3,"12":2,"13":1,"14":5,"15":5,"16":5,"17":5,"18":5,"19":5,"20":5,"21":5,"22":5,"23":5,"24":4,"25":4,"26":4,"27":4,"28":4,"29":4,"30":4,"31":4},"f":{"0":1,"1":1,"2":1,"3":5,"4":4},"b":{"0":[6],"1":[1,5],"2":[1,4],"3":[2,1],"4":[1,1],"5":[4,1],"6":[0,1]},"meta":{"lastBranch":7,"lastFunction":5,"lastStatement":32,"seen":{"f:36:9:36:Infinity":0,"b:39:25:39:Infinity":0,"s:42:20:42:90":0,"s:43:19:43:Infinity":1,"b:44:4:44:Infinity:undefined:undefined:undefined:undefined":1,"s:44:4:44:Infinity":2,"s:44:16:44:Infinity":3,"s:47:21:47:Infinity":4,"s:48:19:48:Infinity":5,"s:51:21:51:Infinity":6,"s:52:17:52:99":7,"b:54:4:55:Infinity:undefined:undefined:undefined:undefined":2,"s:54:4:55:Infinity":8,"s:55:6:55:Infinity":9,"s:58:4:58:Infinity":10,"f:61:9:61:26":1,"s:62:4:62:Infinity":11,"b:62:49:62:64:62:67:62:82":3,"f:66:9:66:48":2,"s:68:4:68:Infinity":12,"b:68:33:68:43:68:43:68:Infinity":4,"s:75:26:75:Infinity":13,"f:77:16:77:41":3,"s:78:22:78:Infinity":14,"s:80:23:80:83":15,"s:81:18:81:Infinity":16,"s:82:8:82:55":17,"s:83:19:83:Infinity":18,"s:85:21:85:Infinity":19,"s:86:15:86:Infinity":20,"s:88:8:88:53":21,"s:90:16:90:Infinity":22,"b:90:29:90:36:90:36:90:Infinity":5,"b:90:49:90:55:90:55:90:Infinity":6,"s:92:2:106:Infinity":23,"f:109:16:109:33":4,"s:111:18:111:Infinity":24,"s:112:8:112:48":25,"s:113:16:113:Infinity":26,"s:115:21:115:Infinity":27,"s:116:15:116:Infinity":28,"s:119:8:119:46":29,"s:120:16:120:Infinity":30,"s:122:2:136:Infinity":31}}}
,"/Users/jianwei/v5/xinxin/src/gameState.ts": {"path":"/Users/jianwei/v5/xinxin/src/gameState.ts","statementMap":{"0":{"start":{"line":75,"column":2},"end":{"line":75,"column":null}},"1":{"start":{"line":76,"column":2},"end":{"line":76,"column":null}},"2":{"start":{"line":77,"column":2},"end":{"line":77,"column":null}},"3":{"start":{"line":78,"column":2},"end":{"line":78,"column":null}},"4":{"start":{"line":79,"column":2},"end":{"line":79,"column":null}},"5":{"start":{"line":80,"column":2},"end":{"line":80,"column":null}},"6":{"start":{"line":87,"column":2},"end":{"line":87,"column":null}},"7":{"start":{"line":88,"column":2},"end":{"line":88,"column":null}},"8":{"start":{"line":89,"column":2},"end":{"line":89,"column":null}},"9":{"start":{"line":90,"column":2},"end":{"line":90,"column":null}},"10":{"start":{"line":91,"column":2},"end":{"line":91,"column":null}},"11":{"start":{"line":92,"column":2},"end":{"line":92,"column":null}},"12":{"start":{"line":99,"column":18},"end":{"line":99,"column":null}},"13":{"start":{"line":100,"column":8},"end":{"line":100,"column":45}},"14":{"start":{"line":103,"column":2},"end":{"line":103,"column":null}},"15":{"start":{"line":105,"column":2},"end":{"line":105,"column":null}},"16":{"start":{"line":106,"column":2},"end":{"line":111,"column":null}},"17":{"start":{"line":112,"column":2},"end":{"line":112,"column":null}},"18":{"start":{"line":113,"column":2},"end":{"line":113,"column":null}},"19":{"start":{"line":120,"column":2},"end":{"line":120,"column":null}},"20":{"start":{"line":121,"column":2},"end":{"line":121,"column":null}},"21":{"start":{"line":122,"column":2},"end":{"line":122,"column":null}},"22":{"start":{"line":129,"column":2},"end":{"line":129,"column":null}},"23":{"start":{"line":130,"column":2},"end":{"line":131,"column":null}},"24":{"start":{"line":131,"column":4},"end":{"line":131,"column":null}},"25":{"start":{"line":133,"column":2},"end":{"line":133,"column":null}},"26":{"start":{"line":134,"column":2},"end":{"line":134,"column":null}}},"fnMap":{"0":{"name":"selectEgg","decl":{"start":{"line":74,"column":16},"end":{"line":74,"column":26}},"loc":{"start":{"line":74,"column":41},"end":{"line":80,"column":null}},"line":74},"1":{"name":"addHatchProgress","decl":{"start":{"line":86,"column":16},"end":{"line":86,"column":33}},"loc":{"start":{"line":86,"column":58},"end":{"line":92,"column":null}},"line":86},"2":{"name":"hatchComplete","decl":{"start":{"line":98,"column":16},"end":{"line":98,"column":32}},"loc":{"start":{"line":98,"column":32},"end":{"line":113,"column":null}},"line":98},"3":{"name":"startNurture","decl":{"start":{"line":119,"column":16},"end":{"line":119,"column":31}},"loc":{"start":{"line":119,"column":31},"end":{"line":122,"column":null}},"line":119},"4":{"name":"addCoins","decl":{"start":{"line":128,"column":16},"end":{"line":128,"column":25}},"loc":{"start":{"line":128,"column":41},"end":{"line":134,"column":null}},"line":128}},"branchMap":{"0":{"loc":{"start":{"line":130,"column":2},"end":{"line":131,"column":null}},"type":"if","locations":[{"start":{"line":130,"column":2},"end":{"line":131,"column":null}},{"start":{},"end":{}}],"line":130}},"s":{"0":14,"1":14,"2":14,"3":14,"4":14,"5":14,"6":2,"7":2,"8":2,"9":2,"10":2,"11":2,"12":11,"13":11,"14":11,"15":11,"16":11,"17":11,"18":11,"19":0,"20":0,"21":0,"22":5,"23":5,"24":1,"25":5,"26":5},"f":{"0":14,"1":2,"2":11,"3":0,"4":5},"b":{"0":[1,4]},"meta":{"lastBranch":1,"lastFunction":5,"lastStatement":27,"seen":{"f:74:16:74:26":0,"s:75:2:75:Infinity":0,"s:76:2:76:Infinity":1,"s:77:2:77:Infinity":2,"s:78:2:78:Infinity":3,"s:79:2:79:Infinity":4,"s:80:2:80:Infinity":5,"f:86:16:86:33":1,"s:87:2:87:Infinity":6,"s:88:2:88:Infinity":7,"s:89:2:89:Infinity":8,"s:90:2:90:Infinity":9,"s:91:2:91:Infinity":10,"s:92:2:92:Infinity":11,"f:98:16:98:32":2,"s:99:18:99:Infinity":12,"s:100:8:100:45":13,"s:103:2:103:Infinity":14,"s:105:2:105:Infinity":15,"s:106:2:111:Infinity":16,"s:112:2:112:Infinity":17,"s:113:2:113:Infinity":18,"f:119:16:119:31":3,"s:120:2:120:Infinity":19,"s:121:2:121:Infinity":20,"s:122:2:122:Infinity":21,"f:128:16:128:25":4,"s:129:2:129:Infinity":22,"b:130:2:131:Infinity:undefined:undefined:undefined:undefined":0,"s:130:2:131:Infinity":23,"s:131:4:131:Infinity":24,"s:133:2:133:Infinity":25,"s:134:2:134:Infinity":26}}}
,"/Users/jianwei/v5/xinxin/src/petData.ts": {"path":"/Users/jianwei/v5/xinxin/src/petData.ts","statementMap":{"0":{"start":{"line":75,"column":41},"end":{"line":713,"column":null}},"1":{"start":{"line":716,"column":32},"end":{"line":857,"column":null}},"2":{"start":{"line":863,"column":19},"end":{"line":863,"column":48}},"3":{"start":{"line":864,"column":23},"end":{"line":864,"column":null}},"4":{"start":{"line":865,"column":20},"end":{"line":865,"column":null}},"5":{"start":{"line":867,"column":15},"end":{"line":867,"column":null}},"6":{"start":{"line":868,"column":17},"end":{"line":868,"column":null}},"7":{"start":{"line":870,"column":2},"end":{"line":871,"column":null}},"8":{"start":{"line":871,"column":4},"end":{"line":871,"column":null}},"9":{"start":{"line":875,"column":21},"end":{"line":875,"column":null}},"10":{"start":{"line":876,"column":19},"end":{"line":876,"column":null}},"11":{"start":{"line":878,"column":8},"end":{"line":878,"column":98}},"12":{"start":{"line":878,"column":54},"end":{"line":878,"column":98}},"13":{"start":{"line":880,"column":2},"end":{"line":888,"column":null}},"14":{"start":{"line":893,"column":2},"end":{"line":893,"column":null}},"15":{"start":{"line":893,"column":18},"end":{"line":893,"column":null}},"16":{"start":{"line":894,"column":2},"end":{"line":894,"column":null}},"17":{"start":{"line":894,"column":19},"end":{"line":894,"column":null}},"18":{"start":{"line":895,"column":2},"end":{"line":895,"column":null}},"19":{"start":{"line":900,"column":2},"end":{"line":901,"column":null}},"20":{"start":{"line":900,"column":15},"end":{"line":900,"column":42}},"21":{"start":{"line":901,"column":4},"end":{"line":901,"column":null}},"22":{"start":{"line":901,"column":42},"end":{"line":901,"column":null}},"23":{"start":{"line":903,"column":2},"end":{"line":903,"column":null}},"24":{"start":{"line":912,"column":16},"end":{"line":912,"column":null}},"25":{"start":{"line":915,"column":2},"end":{"line":915,"column":null}},"26":{"start":{"line":915,"column":22},"end":{"line":915,"column":null}},"27":{"start":{"line":919,"column":2},"end":{"line":920,"column":null}},"28":{"start":{"line":920,"column":4},"end":{"line":920,"column":null}},"29":{"start":{"line":924,"column":23},"end":{"line":924,"column":null}},"30":{"start":{"line":925,"column":2},"end":{"line":926,"column":null}},"31":{"start":{"line":926,"column":4},"end":{"line":926,"column":null}},"32":{"start":{"line":930,"column":2},"end":{"line":930,"column":null}},"33":{"start":{"line":934,"column":2},"end":{"line":934,"column":null}},"34":{"start":{"line":939,"column":8},"end":{"line":939,"column":null}},"35":{"start":{"line":940,"column":2},"end":{"line":940,"column":null}},"36":{"start":{"line":940,"column":17},"end":{"line":940,"column":null}},"37":{"start":{"line":941,"column":2},"end":{"line":941,"column":null}},"38":{"start":{"line":941,"column":17},"end":{"line":941,"column":null}},"39":{"start":{"line":942,"column":2},"end":{"line":942,"column":null}},"40":{"start":{"line":942,"column":17},"end":{"line":942,"column":null}},"41":{"start":{"line":943,"column":2},"end":{"line":943,"column":null}},"42":{"start":{"line":943,"column":17},"end":{"line":943,"column":null}},"43":{"start":{"line":944,"column":2},"end":{"line":944,"column":null}}},"fnMap":{"0":{"name":"calculateStats","decl":{"start":{"line":862,"column":16},"end":{"line":862,"column":31}},"loc":{"start":{"line":862,"column":80},"end":{"line":888,"column":null}},"line":862},"1":{"name":"(anonymous_1)","decl":{"start":{"line":878,"column":8},"end":{"line":878,"column":23}},"loc":{"start":{"line":878,"column":54},"end":{"line":878,"column":98}},"line":878},"2":{"name":"getExpForLevel","decl":{"start":{"line":892,"column":16},"end":{"line":892,"column":31}},"loc":{"start":{"line":892,"column":54},"end":{"line":895,"column":null}},"line":892},"3":{"name":"getStageIndex","decl":{"start":{"line":899,"column":16},"end":{"line":899,"column":30}},"loc":{"start":{"line":899,"column":74},"end":{"line":903,"column":null}},"line":899},"4":{"name":"renderPetAvatar","decl":{"start":{"line":911,"column":16},"end":{"line":911,"column":32}},"loc":{"start":{"line":911,"column":79},"end":{"line":930,"column":null}},"line":911},"5":{"name":"getStage","decl":{"start":{"line":933,"column":16},"end":{"line":933,"column":25}},"loc":{"start":{"line":933,"column":77},"end":{"line":934,"column":null}},"line":933},"6":{"name":"getMoodEmoji","decl":{"start":{"line":938,"column":16},"end":{"line":938,"column":29}},"loc":{"start":{"line":938,"column":83},"end":{"line":944,"column":null}},"line":938}},"branchMap":{"0":{"loc":{"start":{"line":865,"column":20},"end":{"line":865,"column":null}},"type":"cond-expr","locations":[{"start":{"line":865,"column":59},"end":{"line":865,"column":90}},{"start":{"line":865,"column":90},"end":{"line":865,"column":null}}],"line":865},"1":{"loc":{"start":{"line":867,"column":15},"end":{"line":867,"column":null}},"type":"binary-expr","locations":[{"start":{"line":867,"column":15},"end":{"line":867,"column":41}},{"start":{"line":867,"column":41},"end":{"line":867,"column":null}}],"line":867},"2":{"loc":{"start":{"line":870,"column":2},"end":{"line":871,"column":null}},"type":"if","locations":[{"start":{"line":870,"column":2},"end":{"line":871,"column":null}},{"start":{},"end":{}}],"line":870},"3":{"loc":{"start":{"line":870,"column":6},"end":{"line":870,"column":42}},"type":"binary-expr","locations":[{"start":{"line":870,"column":6},"end":{"line":870,"column":20}},{"start":{"line":870,"column":20},"end":{"line":870,"column":42}}],"line":870},"4":{"loc":{"start":{"line":876,"column":19},"end":{"line":876,"column":null}},"type":"cond-expr","locations":[{"start":{"line":876,"column":32},"end":{"line":876,"column":80}},{"start":{"line":876,"column":80},"end":{"line":876,"column":null}}],"line":876},"5":{"loc":{"start":{"line":893,"column":2},"end":{"line":893,"column":null}},"type":"if","locations":[{"start":{"line":893,"column":2},"end":{"line":893,"column":null}},{"start":{},"end":{}}],"line":893},"6":{"loc":{"start":{"line":894,"column":2},"end":{"line":894,"column":null}},"type":"if","locations":[{"start":{"line":894,"column":2},"end":{"line":894,"column":null}},{"start":{},"end":{}}],"line":894},"7":{"loc":{"start":{"line":901,"column":4},"end":{"line":901,"column":null}},"type":"if","locations":[{"start":{"line":901,"column":4},"end":{"line":901,"column":null}},{"start":{},"end":{}}],"line":901},"8":{"loc":{"start":{"line":915,"column":2},"end":{"line":915,"column":null}},"type":"if","locations":[{"start":{"line":915,"column":2},"end":{"line":915,"column":null}},{"start":{},"end":{}}],"line":915},"9":{"loc":{"start":{"line":919,"column":2},"end":{"line":920,"column":null}},"type":"if","locations":[{"start":{"line":919,"column":2},"end":{"line":920,"column":null}},{"start":{},"end":{}}],"line":919},"10":{"loc":{"start":{"line":925,"column":2},"end":{"line":926,"column":null}},"type":"if","locations":[{"start":{"line":925,"column":2},"end":{"line":926,"column":null}},{"start":{},"end":{}}],"line":925},"11":{"loc":{"start":{"line":925,"column":6},"end":{"line":925,"column":42}},"type":"binary-expr","locations":[{"start":{"line":925,"column":6},"end":{"line":925,"column":22}},{"start":{"line":925,"column":22},"end":{"line":925,"column":42}}],"line":925},"12":{"loc":{"start":{"line":940,"column":2},"end":{"line":940,"column":null}},"type":"if","locations":[{"start":{"line":940,"column":2},"end":{"line":940,"column":null}},{"start":{},"end":{}}],"line":940},"13":{"loc":{"start":{"line":941,"column":2},"end":{"line":941,"column":null}},"type":"if","locations":[{"start":{"line":941,"column":2},"end":{"line":941,"column":null}},{"start":{},"end":{}}],"line":941},"14":{"loc":{"start":{"line":942,"column":2},"end":{"line":942,"column":null}},"type":"if","locations":[{"start":{"line":942,"column":2},"end":{"line":942,"column":null}},{"start":{},"end":{}}],"line":942},"15":{"loc":{"start":{"line":943,"column":2},"end":{"line":943,"column":null}},"type":"if","locations":[{"start":{"line":943,"column":2},"end":{"line":943,"column":null}},{"start":{},"end":{}}],"line":943}},"s":{"0":3,"1":3,"2":33,"3":33,"4":33,"5":33,"6":33,"7":33,"8":0,"9":33,"10":33,"11":33,"12":165,"13":33,"14":18,"15":9,"16":9,"17":3,"18":6,"19":51,"20":51,"21":434,"22":51,"23":0,"24":0,"25":0,"26":0,"27":0,"28":0,"29":0,"30":0,"31":0,"32":0,"33":0,"34":0,"35":0,"36":0,"37":0,"38":0,"39":0,"40":0,"41":0,"42":0,"43":0},"f":{"0":33,"1":165,"2":18,"3":51,"4":0,"5":0,"6":0},"b":{"0":[33,0],"1":[33,0],"2":[0,33],"3":[33,33],"4":[33,0],"5":[9,9],"6":[3,6],"7":[51,383],"8":[0,0],"9":[0,0],"10":[0,0],"11":[0,0],"12":[0,0],"13":[0,0],"14":[0,0],"15":[0,0]},"meta":{"lastBranch":16,"lastFunction":7,"lastStatement":44,"seen":{"s:75:41:713:Infinity":0,"s:716:32:857:Infinity":1,"f:862:16:862:31":0,"s:863:19:863:48":2,"s:864:23:864:Infinity":3,"s:865:20:865:Infinity":4,"b:865:59:865:90:865:90:865:Infinity":0,"s:867:15:867:Infinity":5,"b:867:15:867:41:867:41:867:Infinity":1,"s:868:17:868:Infinity":6,"b:870:2:871:Infinity:undefined:undefined:undefined:undefined":2,"s:870:2:871:Infinity":7,"b:870:6:870:20:870:20:870:42":3,"s:871:4:871:Infinity":8,"s:875:21:875:Infinity":9,"s:876:19:876:Infinity":10,"b:876:32:876:80:876:80:876:Infinity":4,"s:878:8:878:98":11,"f:878:8:878:23":1,"s:878:54:878:98":12,"s:880:2:888:Infinity":13,"f:892:16:892:31":2,"b:893:2:893:Infinity:undefined:undefined:undefined:undefined":5,"s:893:2:893:Infinity":14,"s:893:18:893:Infinity":15,"b:894:2:894:Infinity:undefined:undefined:undefined:undefined":6,"s:894:2:894:Infinity":16,"s:894:19:894:Infinity":17,"s:895:2:895:Infinity":18,"f:899:16:899:30":3,"s:900:2:901:Infinity":19,"s:900:15:900:42":20,"b:901:4:901:Infinity:undefined:undefined:undefined:undefined":7,"s:901:4:901:Infinity":21,"s:901:42:901:Infinity":22,"s:903:2:903:Infinity":23,"f:911:16:911:32":4,"s:912:16:912:Infinity":24,"b:915:2:915:Infinity:undefined:undefined:undefined:undefined":8,"s:915:2:915:Infinity":25,"s:915:22:915:Infinity":26,"b:919:2:920:Infinity:undefined:undefined:undefined:undefined":9,"s:919:2:920:Infinity":27,"s:920:4:920:Infinity":28,"s:924:23:924:Infinity":29,"b:925:2:926:Infinity:undefined:undefined:undefined:undefined":10,"s:925:2:926:Infinity":30,"b:925:6:925:22:925:22:925:42":11,"s:926:4:926:Infinity":31,"s:930:2:930:Infinity":32,"f:933:16:933:25":5,"s:934:2:934:Infinity":33,"f:938:16:938:29":6,"s:939:8:939:Infinity":34,"b:940:2:940:Infinity:undefined:undefined:undefined:undefined":12,"s:940:2:940:Infinity":35,"s:940:17:940:Infinity":36,"b:941:2:941:Infinity:undefined:undefined:undefined:undefined":13,"s:941:2:941:Infinity":37,"s:941:17:941:Infinity":38,"b:942:2:942:Infinity:undefined:undefined:undefined:undefined":14,"s:942:2:942:Infinity":39,"s:942:17:942:Infinity":40,"b:943:2:943:Infinity:undefined:undefined:undefined:undefined":15,"s:943:2:943:Infinity":41,"s:943:17:943:Infinity":42,"s:944:2:944:Infinity":43}}}
,"/Users/jianwei/v5/xinxin/src/systems/adventure.ts": {"path":"/Users/jianwei/v5/xinxin/src/systems/adventure.ts","statementMap":{"0":{"start":{"line":18,"column":26},"end":{"line":18,"column":null}},"1":{"start":{"line":24,"column":2},"end":{"line":24,"column":null}},"2":{"start":{"line":31,"column":2},"end":{"line":31,"column":null}},"3":{"start":{"line":32,"column":2},"end":{"line":32,"column":null}},"4":{"start":{"line":33,"column":2},"end":{"line":33,"column":null}},"5":{"start":{"line":34,"column":2},"end":{"line":34,"column":null}},"6":{"start":{"line":41,"column":2},"end":{"line":41,"column":null}},"7":{"start":{"line":42,"column":2},"end":{"line":42,"column":null}},"8":{"start":{"line":45,"column":40},"end":{"line":45,"column":null}},"9":{"start":{"line":46,"column":2},"end":{"line":55,"column":null}},"10":{"start":{"line":47,"column":4},"end":{"line":47,"column":null}},"11":{"start":{"line":48,"column":13},"end":{"line":55,"column":null}},"12":{"start":{"line":50,"column":4},"end":{"line":50,"column":null}},"13":{"start":{"line":51,"column":4},"end":{"line":51,"column":null}},"14":{"start":{"line":52,"column":4},"end":{"line":55,"column":null}},"15":{"start":{"line":58,"column":2},"end":{"line":58,"column":null}},"16":{"start":{"line":59,"column":2},"end":{"line":59,"column":null}},"17":{"start":{"line":66,"column":2},"end":{"line":66,"column":null}},"18":{"start":{"line":67,"column":2},"end":{"line":67,"column":null}},"19":{"start":{"line":68,"column":2},"end":{"line":68,"column":null}},"20":{"start":{"line":75,"column":40},"end":{"line":75,"column":null}},"21":{"start":{"line":76,"column":22},"end":{"line":76,"column":null}},"22":{"start":{"line":77,"column":2},"end":{"line":77,"column":null}},"23":{"start":{"line":84,"column":2},"end":{"line":84,"column":null}},"24":{"start":{"line":96,"column":2},"end":{"line":101,"column":null}},"25":{"start":{"line":96,"column":42},"end":{"line":101,"column":5}}},"fnMap":{"0":{"name":"getAdventureProgress","decl":{"start":{"line":23,"column":16},"end":{"line":23,"column":58}},"loc":{"start":{"line":23,"column":58},"end":{"line":24,"column":null}},"line":23},"1":{"name":"setAdventureZone","decl":{"start":{"line":30,"column":16},"end":{"line":30,"column":33}},"loc":{"start":{"line":30,"column":62},"end":{"line":34,"column":null}},"line":30},"2":{"name":"recordBattleWin","decl":{"start":{"line":40,"column":16},"end":{"line":40,"column":34}},"loc":{"start":{"line":40,"column":34},"end":{"line":59,"column":null}},"line":40},"3":{"name":"recordBattleLoss","decl":{"start":{"line":65,"column":16},"end":{"line":65,"column":35}},"loc":{"start":{"line":65,"column":35},"end":{"line":68,"column":null}},"line":65},"4":{"name":"getEnemyLevelForStage","decl":{"start":{"line":74,"column":16},"end":{"line":74,"column":48}},"loc":{"start":{"line":74,"column":48},"end":{"line":77,"column":null}},"line":74},"5":{"name":"isZoneUnlocked","decl":{"start":{"line":83,"column":16},"end":{"line":83,"column":31}},"loc":{"start":{"line":83,"column":54},"end":{"line":84,"column":null}},"line":83},"6":{"name":"getZonesWithStatus","decl":{"start":{"line":90,"column":16},"end":{"line":90,"column":null}},"loc":{"start":{"line":95,"column":3},"end":{"line":101,"column":null}},"line":95},"7":{"name":"(anonymous_7)","decl":{"start":{"line":96,"column":20},"end":{"line":96,"column":25}},"loc":{"start":{"line":96,"column":42},"end":{"line":101,"column":5}},"line":96}},"branchMap":{"0":{"loc":{"start":{"line":46,"column":2},"end":{"line":55,"column":null}},"type":"if","locations":[{"start":{"line":46,"column":2},"end":{"line":55,"column":null}},{"start":{"line":48,"column":13},"end":{"line":55,"column":null}}],"line":46},"1":{"loc":{"start":{"line":48,"column":13},"end":{"line":55,"column":null}},"type":"if","locations":[{"start":{"line":48,"column":13},"end":{"line":55,"column":null}},{"start":{},"end":{}}],"line":48}},"s":{"0":2,"1":4,"2":7,"3":7,"4":7,"5":7,"6":4,"7":4,"8":4,"9":4,"10":2,"11":2,"12":2,"13":2,"14":2,"15":4,"16":4,"17":1,"18":1,"19":1,"20":3,"21":3,"22":3,"23":9,"24":2,"25":6},"f":{"0":4,"1":7,"2":4,"3":1,"4":3,"5":9,"6":2,"7":6},"b":{"0":[2,2],"1":[2,0]},"meta":{"lastBranch":2,"lastFunction":8,"lastStatement":26,"seen":{"s:18:26:18:Infinity":0,"f:23:16:23:58":0,"s:24:2:24:Infinity":1,"f:30:16:30:33":1,"s:31:2:31:Infinity":2,"s:32:2:32:Infinity":3,"s:33:2:33:Infinity":4,"s:34:2:34:Infinity":5,"f:40:16:40:34":2,"s:41:2:41:Infinity":6,"s:42:2:42:Infinity":7,"s:45:40:45:Infinity":8,"b:46:2:55:Infinity:48:13:55:Infinity":0,"s:46:2:55:Infinity":9,"s:47:4:47:Infinity":10,"b:48:13:55:Infinity:undefined:undefined:undefined:undefined":1,"s:48:13:55:Infinity":11,"s:50:4:50:Infinity":12,"s:51:4:51:Infinity":13,"s:52:4:55:Infinity":14,"s:58:2:58:Infinity":15,"s:59:2:59:Infinity":16,"f:65:16:65:35":3,"s:66:2:66:Infinity":17,"s:67:2:67:Infinity":18,"s:68:2:68:Infinity":19,"f:74:16:74:48":4,"s:75:40:75:Infinity":20,"s:76:22:76:Infinity":21,"s:77:2:77:Infinity":22,"f:83:16:83:31":5,"s:84:2:84:Infinity":23,"f:90:16:90:Infinity":6,"s:96:2:101:Infinity":24,"f:96:20:96:25":7,"s:96:42:101:5":25}}}
,"/Users/jianwei/v5/xinxin/src/systems/index.ts": {"path":"/Users/jianwei/v5/xinxin/src/systems/index.ts","statementMap":{},"fnMap":{},"branchMap":{},"s":{},"f":{},"b":{},"meta":{"lastBranch":0,"lastFunction":0,"lastStatement":0,"seen":{}}}
,"/Users/jianwei/v5/xinxin/src/systems/inventory.ts": {"path":"/Users/jianwei/v5/xinxin/src/systems/inventory.ts","statementMap":{"0":{"start":{"line":19,"column":19},"end":{"line":19,"column":85}},"1":{"start":{"line":19,"column":65},"end":{"line":19,"column":85}},"2":{"start":{"line":20,"column":2},"end":{"line":23,"column":null}},"3":{"start":{"line":21,"column":4},"end":{"line":21,"column":null}},"4":{"start":{"line":23,"column":4},"end":{"line":23,"column":null}},"5":{"start":{"line":25,"column":2},"end":{"line":25,"column":null}},"6":{"start":{"line":26,"column":2},"end":{"line":26,"column":null}},"7":{"start":{"line":33,"column":18},"end":{"line":33,"column":84}},"8":{"start":{"line":33,"column":64},"end":{"line":33,"column":84}},"9":{"start":{"line":34,"column":2},"end":{"line":34,"column":null}},"10":{"start":{"line":34,"column":41},"end":{"line":34,"column":null}},"11":{"start":{"line":36,"column":2},"end":{"line":36,"column":null}},"12":{"start":{"line":37,"column":2},"end":{"line":38,"column":null}},"13":{"start":{"line":38,"column":4},"end":{"line":38,"column":null}},"14":{"start":{"line":38,"column":73},"end":{"line":38,"column":93}},"15":{"start":{"line":40,"column":2},"end":{"line":40,"column":null}},"16":{"start":{"line":41,"column":2},"end":{"line":41,"column":null}},"17":{"start":{"line":42,"column":2},"end":{"line":42,"column":null}},"18":{"start":{"line":49,"column":18},"end":{"line":49,"column":84}},"19":{"start":{"line":49,"column":64},"end":{"line":49,"column":84}},"20":{"start":{"line":50,"column":2},"end":{"line":50,"column":null}},"21":{"start":{"line":57,"column":18},"end":{"line":57,"column":52}},"22":{"start":{"line":57,"column":36},"end":{"line":57,"column":52}},"23":{"start":{"line":58,"column":2},"end":{"line":58,"column":null}},"24":{"start":{"line":58,"column":50},"end":{"line":58,"column":null}},"25":{"start":{"line":60,"column":2},"end":{"line":60,"column":null}},"26":{"start":{"line":61,"column":2},"end":{"line":61,"column":null}},"27":{"start":{"line":62,"column":2},"end":{"line":62,"column":null}},"28":{"start":{"line":69,"column":18},"end":{"line":69,"column":84}},"29":{"start":{"line":69,"column":64},"end":{"line":69,"column":84}},"30":{"start":{"line":70,"column":8},"end":{"line":70,"column":28}},"31":{"start":{"line":71,"column":2},"end":{"line":72,"column":null}},"32":{"start":{"line":72,"column":4},"end":{"line":72,"column":null}},"33":{"start":{"line":75,"column":18},"end":{"line":75,"column":52}},"34":{"start":{"line":75,"column":36},"end":{"line":75,"column":52}},"35":{"start":{"line":76,"column":2},"end":{"line":76,"column":null}},"36":{"start":{"line":76,"column":16},"end":{"line":76,"column":null}},"37":{"start":{"line":79,"column":2},"end":{"line":79,"column":null}},"38":{"start":{"line":82,"column":2},"end":{"line":82,"column":null}},"39":{"start":{"line":84,"column":16},"end":{"line":84,"column":null}},"40":{"start":{"line":85,"column":16},"end":{"line":85,"column":null}},"41":{"start":{"line":88,"column":2},"end":{"line":111,"column":null}},"42":{"start":{"line":89,"column":10},"end":{"line":89,"column":40}},"43":{"start":{"line":90,"column":4},"end":{"line":90,"column":null}},"44":{"start":{"line":91,"column":4},"end":{"line":91,"column":null}},"45":{"start":{"line":93,"column":10},"end":{"line":93,"column":30}},"46":{"start":{"line":94,"column":4},"end":{"line":111,"column":null}},"47":{"start":{"line":95,"column":6},"end":{"line":104,"column":null}},"48":{"start":{"line":97,"column":10},"end":{"line":97,"column":null}},"49":{"start":{"line":98,"column":10},"end":{"line":98,"column":null}},"50":{"start":{"line":100,"column":10},"end":{"line":100,"column":null}},"51":{"start":{"line":101,"column":10},"end":{"line":101,"column":null}},"52":{"start":{"line":103,"column":10},"end":{"line":103,"column":null}},"53":{"start":{"line":104,"column":10},"end":{"line":104,"column":null}},"54":{"start":{"line":106,"column":6},"end":{"line":111,"column":null}},"55":{"start":{"line":115,"column":2},"end":{"line":115,"column":null}},"56":{"start":{"line":116,"column":2},"end":{"line":116,"column":null}},"57":{"start":{"line":117,"column":2},"end":{"line":117,"column":null}},"58":{"start":{"line":124,"column":2},"end":{"line":129,"column":null}},"59":{"start":{"line":126,"column":18},"end":{"line":126,"column":57}},"60":{"start":{"line":126,"column":36},"end":{"line":126,"column":57}},"61":{"start":{"line":127,"column":6},"end":{"line":127,"column":null}},"62":{"start":{"line":129,"column":64},"end":{"line":129,"column":78}}},"fnMap":{"0":{"name":"addItem","decl":{"start":{"line":18,"column":16},"end":{"line":18,"column":24}},"loc":{"start":{"line":18,"column":59},"end":{"line":26,"column":null}},"line":18},"1":{"name":"(anonymous_1)","decl":{"start":{"line":19,"column":38},"end":{"line":19,"column":44}},"loc":{"start":{"line":19,"column":65},"end":{"line":19,"column":85}},"line":19},"2":{"name":"removeItem","decl":{"start":{"line":32,"column":16},"end":{"line":32,"column":27}},"loc":{"start":{"line":32,"column":62},"end":{"line":42,"column":null}},"line":32},"3":{"name":"(anonymous_3)","decl":{"start":{"line":33,"column":37},"end":{"line":33,"column":43}},"loc":{"start":{"line":33,"column":64},"end":{"line":33,"column":84}},"line":33},"4":{"name":"(anonymous_4)","decl":{"start":{"line":38,"column":44},"end":{"line":38,"column":52}},"loc":{"start":{"line":38,"column":73},"end":{"line":38,"column":93}},"line":38},"5":{"name":"getItemCount","decl":{"start":{"line":48,"column":16},"end":{"line":48,"column":29}},"loc":{"start":{"line":48,"column":53},"end":{"line":50,"column":null}},"line":48},"6":{"name":"(anonymous_6)","decl":{"start":{"line":49,"column":37},"end":{"line":49,"column":43}},"loc":{"start":{"line":49,"column":64},"end":{"line":49,"column":84}},"line":49},"7":{"name":"buyItem","decl":{"start":{"line":56,"column":16},"end":{"line":56,"column":24}},"loc":{"start":{"line":56,"column":49},"end":{"line":62,"column":null}},"line":56},"8":{"name":"(anonymous_8)","decl":{"start":{"line":57,"column":24},"end":{"line":57,"column":30}},"loc":{"start":{"line":57,"column":36},"end":{"line":57,"column":52}},"line":57},"9":{"name":"useItem","decl":{"start":{"line":68,"column":16},"end":{"line":68,"column":24}},"loc":{"start":{"line":68,"column":98},"end":{"line":117,"column":null}},"line":68},"10":{"name":"(anonymous_10)","decl":{"start":{"line":69,"column":37},"end":{"line":69,"column":43}},"loc":{"start":{"line":69,"column":64},"end":{"line":69,"column":84}},"line":69},"11":{"name":"(anonymous_11)","decl":{"start":{"line":75,"column":24},"end":{"line":75,"column":30}},"loc":{"start":{"line":75,"column":36},"end":{"line":75,"column":52}},"line":75},"12":{"name":"getInventoryWithDetail","decl":{"start":{"line":123,"column":16},"end":{"line":123,"column":82}},"loc":{"start":{"line":123,"column":82},"end":{"line":129,"column":null}},"line":123},"13":{"name":"(anonymous_13)","decl":{"start":{"line":125,"column":5},"end":{"line":125,"column":10}},"loc":{"start":{"line":125,"column":34},"end":{"line":128,"column":null}},"line":125},"14":{"name":"(anonymous_14)","decl":{"start":{"line":126,"column":24},"end":{"line":126,"column":30}},"loc":{"start":{"line":126,"column":36},"end":{"line":126,"column":57}},"line":126},"15":{"name":"(anonymous_15)","decl":{"start":{"line":129,"column":5},"end":{"line":129,"column":13}},"loc":{"start":{"line":129,"column":64},"end":{"line":129,"column":78}},"line":129}},"branchMap":{"0":{"loc":{"start":{"line":18,"column":40},"end":{"line":18,"column":59}},"type":"default-arg","locations":[{"start":{"line":18,"column":56},"end":{"line":18,"column":59}}],"line":18},"1":{"loc":{"start":{"line":20,"column":2},"end":{"line":23,"column":null}},"type":"if","locations":[{"start":{"line":20,"column":2},"end":{"line":23,"column":null}},{"start":{"line":22,"column":9},"end":{"line":23,"column":null}}],"line":20},"2":{"loc":{"start":{"line":32,"column":43},"end":{"line":32,"column":62}},"type":"default-arg","locations":[{"start":{"line":32,"column":59},"end":{"line":32,"column":62}}],"line":32},"3":{"loc":{"start":{"line":34,"column":2},"end":{"line":34,"column":null}},"type":"if","locations":[{"start":{"line":34,"column":2},"end":{"line":34,"column":null}},{"start":{},"end":{}}],"line":34},"4":{"loc":{"start":{"line":34,"column":6},"end":{"line":34,"column":41}},"type":"binary-expr","locations":[{"start":{"line":34,"column":6},"end":{"line":34,"column":18}},{"start":{"line":34,"column":18},"end":{"line":34,"column":41}}],"line":34},"5":{"loc":{"start":{"line":37,"column":2},"end":{"line":38,"column":null}},"type":"if","locations":[{"start":{"line":37,"column":2},"end":{"line":38,"column":null}},{"start":{},"end":{}}],"line":37},"6":{"loc":{"start":{"line":50,"column":9},"end":{"line":50,"column":null}},"type":"binary-expr","locations":[{"start":{"line":50,"column":9},"end":{"line":50,"column":27}},{"start":{"line":50,"column":27},"end":{"line":50,"column":null}}],"line":50},"7":{"loc":{"start":{"line":58,"column":2},"end":{"line":58,"column":null}},"type":"if","locations":[{"start":{"line":58,"column":2},"end":{"line":58,"column":null}},{"start":{},"end":{}}],"line":58},"8":{"loc":{"start":{"line":58,"column":6},"end":{"line":58,"column":50}},"type":"binary-expr","locations":[{"start":{"line":58,"column":6},"end":{"line":58,"column":18}},{"start":{"line":58,"column":18},"end":{"line":58,"column":50}}],"line":58},"9":{"loc":{"start":{"line":71,"column":2},"end":{"line":72,"column":null}},"type":"if","locations":[{"start":{"line":71,"column":2},"end":{"line":72,"column":null}},{"start":{},"end":{}}],"line":71},"10":{"loc":{"start":{"line":71,"column":6},"end":{"line":71,"column":46}},"type":"binary-expr","locations":[{"start":{"line":71,"column":6},"end":{"line":71,"column":18}},{"start":{"line":71,"column":18},"end":{"line":71,"column":40}},{"start":{"line":71,"column":40},"end":{"line":71,"column":46}}],"line":71},"11":{"loc":{"start":{"line":76,"column":2},"end":{"line":76,"column":null}},"type":"if","locations":[{"start":{"line":76,"column":2},"end":{"line":76,"column":null}},{"start":{},"end":{}}],"line":76},"12":{"loc":{"start":{"line":88,"column":2},"end":{"line":111,"column":null}},"type":"if","locations":[{"start":{"line":88,"column":2},"end":{"line":111,"column":null}},{"start":{"line":92,"column":9},"end":{"line":111,"column":null}}],"line":88},"13":{"loc":{"start":{"line":94,"column":4},"end":{"line":111,"column":null}},"type":"if","locations":[{"start":{"line":94,"column":4},"end":{"line":111,"column":null}},{"start":{},"end":{}}],"line":94},"14":{"loc":{"start":{"line":95,"column":6},"end":{"line":104,"column":null}},"type":"switch","locations":[{"start":{"line":96,"column":8},"end":{"line":98,"column":null}},{"start":{"line":99,"column":8},"end":{"line":101,"column":null}},{"start":{"line":102,"column":8},"end":{"line":104,"column":null}}],"line":95},"15":{"loc":{"start":{"line":127,"column":13},"end":{"line":127,"column":null}},"type":"cond-expr","locations":[{"start":{"line":127,"column":19},"end":{"line":127,"column":38}},{"start":{"line":127,"column":38},"end":{"line":127,"column":null}}],"line":127}},"s":{"0":6,"1":1,"2":6,"3":1,"4":5,"5":6,"6":6,"7":1,"8":1,"9":1,"10":0,"11":1,"12":1,"13":1,"14":1,"15":1,"16":1,"17":1,"18":0,"19":0,"20":0,"21":2,"22":2,"23":2,"24":1,"25":1,"26":1,"27":1,"28":2,"29":2,"30":2,"31":2,"32":1,"33":1,"34":1,"35":1,"36":0,"37":1,"38":1,"39":1,"40":1,"41":1,"42":0,"43":0,"44":0,"45":1,"46":1,"47":1,"48":1,"49":1,"50":0,"51":0,"52":0,"53":0,"54":1,"55":1,"56":1,"57":1,"58":0,"59":0,"60":0,"61":0,"62":0},"f":{"0":6,"1":1,"2":1,"3":1,"4":1,"5":0,"6":0,"7":2,"8":2,"9":2,"10":2,"11":1,"12":0,"13":0,"14":0,"15":0},"b":{"0":[6],"1":[1,5],"2":[1],"3":[0,1],"4":[1,1],"5":[1,0],"6":[0,0],"7":[1,1],"8":[2,2],"9":[1,1],"10":[2,1,1],"11":[0,1],"12":[0,1],"13":[1,0],"14":[1,0,0],"15":[0,0]},"meta":{"lastBranch":16,"lastFunction":16,"lastStatement":63,"seen":{"f:18:16:18:24":0,"b:18:56:18:59":0,"s:19:19:19:85":0,"f:19:38:19:44":1,"s:19:65:19:85":1,"b:20:2:23:Infinity:22:9:23:Infinity":1,"s:20:2:23:Infinity":2,"s:21:4:21:Infinity":3,"s:23:4:23:Infinity":4,"s:25:2:25:Infinity":5,"s:26:2:26:Infinity":6,"f:32:16:32:27":2,"b:32:59:32:62":2,"s:33:18:33:84":7,"f:33:37:33:43":3,"s:33:64:33:84":8,"b:34:2:34:Infinity:undefined:undefined:undefined:undefined":3,"s:34:2:34:Infinity":9,"b:34:6:34:18:34:18:34:41":4,"s:34:41:34:Infinity":10,"s:36:2:36:Infinity":11,"b:37:2:38:Infinity:undefined:undefined:undefined:undefined":5,"s:37:2:38:Infinity":12,"s:38:4:38:Infinity":13,"f:38:44:38:52":4,"s:38:73:38:93":14,"s:40:2:40:Infinity":15,"s:41:2:41:Infinity":16,"s:42:2:42:Infinity":17,"f:48:16:48:29":5,"s:49:18:49:84":18,"f:49:37:49:43":6,"s:49:64:49:84":19,"s:50:2:50:Infinity":20,"b:50:9:50:27:50:27:50:Infinity":6,"f:56:16:56:24":7,"s:57:18:57:52":21,"f:57:24:57:30":8,"s:57:36:57:52":22,"b:58:2:58:Infinity:undefined:undefined:undefined:undefined":7,"s:58:2:58:Infinity":23,"b:58:6:58:18:58:18:58:50":8,"s:58:50:58:Infinity":24,"s:60:2:60:Infinity":25,"s:61:2:61:Infinity":26,"s:62:2:62:Infinity":27,"f:68:16:68:24":9,"s:69:18:69:84":28,"f:69:37:69:43":10,"s:69:64:69:84":29,"s:70:8:70:28":30,"b:71:2:72:Infinity:undefined:undefined:undefined:undefined":9,"s:71:2:72:Infinity":31,"b:71:6:71:18:71:18:71:40:71:40:71:46":10,"s:72:4:72:Infinity":32,"s:75:18:75:52":33,"f:75:24:75:30":11,"s:75:36:75:52":34,"b:76:2:76:Infinity:undefined:undefined:undefined:undefined":11,"s:76:2:76:Infinity":35,"s:76:16:76:Infinity":36,"s:79:2:79:Infinity":37,"s:82:2:82:Infinity":38,"s:84:16:84:Infinity":39,"s:85:16:85:Infinity":40,"b:88:2:111:Infinity:92:9:111:Infinity":12,"s:88:2:111:Infinity":41,"s:89:10:89:40":42,"s:90:4:90:Infinity":43,"s:91:4:91:Infinity":44,"s:93:10:93:30":45,"b:94:4:111:Infinity:undefined:undefined:undefined:undefined":13,"s:94:4:111:Infinity":46,"b:96:8:98:Infinity:99:8:101:Infinity:102:8:104:Infinity":14,"s:95:6:104:Infinity":47,"s:97:10:97:Infinity":48,"s:98:10:98:Infinity":49,"s:100:10:100:Infinity":50,"s:101:10:101:Infinity":51,"s:103:10:103:Infinity":52,"s:104:10:104:Infinity":53,"s:106:6:111:Infinity":54,"s:115:2:115:Infinity":55,"s:116:2:116:Infinity":56,"s:117:2:117:Infinity":57,"f:123:16:123:82":12,"s:124:2:129:Infinity":58,"f:125:5:125:10":13,"s:126:18:126:57":59,"f:126:24:126:30":14,"s:126:36:126:57":60,"s:127:6:127:Infinity":61,"b:127:19:127:38:127:38:127:Infinity":15,"f:129:5:129:13":15,"s:129:64:129:78":62}}}
,"/Users/jianwei/v5/xinxin/src/systems/journal.ts": {"path":"/Users/jianwei/v5/xinxin/src/systems/journal.ts","statementMap":{"0":{"start":{"line":24,"column":2},"end":{"line":30,"column":null}},"1":{"start":{"line":32,"column":2},"end":{"line":32,"column":null}},"2":{"start":{"line":32,"column":36},"end":{"line":32,"column":null}},"3":{"start":{"line":33,"column":2},"end":{"line":33,"column":null}},"4":{"start":{"line":34,"column":2},"end":{"line":34,"column":null}},"5":{"start":{"line":45,"column":16},"end":{"line":45,"column":37}},"6":{"start":{"line":47,"column":2},"end":{"line":48,"column":null}},"7":{"start":{"line":48,"column":4},"end":{"line":48,"column":null}},"8":{"start":{"line":48,"column":36},"end":{"line":48,"column":60}},"9":{"start":{"line":51,"column":17},"end":{"line":51,"column":null}},"10":{"start":{"line":52,"column":16},"end":{"line":52,"column":null}},"11":{"start":{"line":54,"column":2},"end":{"line":54,"column":null}},"12":{"start":{"line":61,"column":2},"end":{"line":61,"column":null}},"13":{"start":{"line":62,"column":2},"end":{"line":62,"column":null}},"14":{"start":{"line":63,"column":2},"end":{"line":63,"column":null}},"15":{"start":{"line":70,"column":2},"end":{"line":70,"column":null}},"16":{"start":{"line":70,"column":54},"end":{"line":70,"column":70}}},"fnMap":{"0":{"name":"addJournalEntry","decl":{"start":{"line":18,"column":16},"end":{"line":18,"column":null}},"loc":{"start":{"line":23,"column":2},"end":{"line":34,"column":null}},"line":23},"1":{"name":"getJournalEntries","decl":{"start":{"line":40,"column":16},"end":{"line":40,"column":34}},"loc":{"start":{"line":44,"column":19},"end":{"line":54,"column":null}},"line":44},"2":{"name":"(anonymous_2)","decl":{"start":{"line":48,"column":22},"end":{"line":48,"column":30}},"loc":{"start":{"line":48,"column":36},"end":{"line":48,"column":60}},"line":48},"3":{"name":"clearJournal","decl":{"start":{"line":60,"column":16},"end":{"line":60,"column":31}},"loc":{"start":{"line":60,"column":31},"end":{"line":63,"column":null}},"line":60},"4":{"name":"getEntryCountByType","decl":{"start":{"line":69,"column":16},"end":{"line":69,"column":36}},"loc":{"start":{"line":69,"column":72},"end":{"line":70,"column":null}},"line":69},"5":{"name":"(anonymous_5)","decl":{"start":{"line":70,"column":26},"end":{"line":70,"column":34}},"loc":{"start":{"line":70,"column":54},"end":{"line":70,"column":70}},"line":70}},"branchMap":{"0":{"loc":{"start":{"line":32,"column":2},"end":{"line":32,"column":null}},"type":"if","locations":[{"start":{"line":32,"column":2},"end":{"line":32,"column":null}},{"start":{},"end":{}}],"line":32},"1":{"loc":{"start":{"line":47,"column":2},"end":{"line":48,"column":null}},"type":"if","locations":[{"start":{"line":47,"column":2},"end":{"line":48,"column":null}},{"start":{},"end":{}}],"line":47},"2":{"loc":{"start":{"line":51,"column":17},"end":{"line":51,"column":null}},"type":"binary-expr","locations":[{"start":{"line":51,"column":17},"end":{"line":51,"column":36}},{"start":{"line":51,"column":36},"end":{"line":51,"column":null}}],"line":51},"3":{"loc":{"start":{"line":52,"column":16},"end":{"line":52,"column":null}},"type":"binary-expr","locations":[{"start":{"line":52,"column":16},"end":{"line":52,"column":34}},{"start":{"line":52,"column":34},"end":{"line":52,"column":null}}],"line":52}},"s":{"0":161,"1":161,"2":20,"3":161,"4":161,"5":10,"6":10,"7":1,"8":3,"9":10,"10":10,"11":10,"12":1,"13":1,"14":1,"15":4,"16":16},"f":{"0":161,"1":10,"2":3,"3":1,"4":4,"5":16},"b":{"0":[20,141],"1":[1,9],"2":[10,9],"3":[10,8]},"meta":{"lastBranch":4,"lastFunction":6,"lastStatement":17,"seen":{"f:18:16:18:Infinity":0,"s:24:2:30:Infinity":0,"b:32:2:32:Infinity:undefined:undefined:undefined:undefined":0,"s:32:2:32:Infinity":1,"s:32:36:32:Infinity":2,"s:33:2:33:Infinity":3,"s:34:2:34:Infinity":4,"f:40:16:40:34":1,"s:45:16:45:37":5,"b:47:2:48:Infinity:undefined:undefined:undefined:undefined":1,"s:47:2:48:Infinity":6,"s:48:4:48:Infinity":7,"f:48:22:48:30":2,"s:48:36:48:60":8,"s:51:17:51:Infinity":9,"b:51:17:51:36:51:36:51:Infinity":2,"s:52:16:52:Infinity":10,"b:52:16:52:34:52:34:52:Infinity":3,"s:54:2:54:Infinity":11,"f:60:16:60:31":3,"s:61:2:61:Infinity":12,"s:62:2:62:Infinity":13,"s:63:2:63:Infinity":14,"f:69:16:69:36":4,"s:70:2:70:Infinity":15,"f:70:26:70:34":5,"s:70:54:70:70":16}}}
,"/Users/jianwei/v5/xinxin/src/systems/pets.ts": {"path":"/Users/jianwei/v5/xinxin/src/systems/pets.ts","statementMap":{"0":{"start":{"line":33,"column":2},"end":{"line":33,"column":null}},"1":{"start":{"line":33,"column":34},"end":{"line":33,"column":null}},"2":{"start":{"line":34,"column":2},"end":{"line":34,"column":null}},"3":{"start":{"line":41,"column":14},"end":{"line":41,"column":28}},"4":{"start":{"line":42,"column":2},"end":{"line":42,"column":null}},"5":{"start":{"line":42,"column":12},"end":{"line":42,"column":null}},"6":{"start":{"line":43,"column":2},"end":{"line":43,"column":null}},"7":{"start":{"line":43,"column":61},"end":{"line":43,"column":84}},"8":{"start":{"line":50,"column":14},"end":{"line":50,"column":28}},"9":{"start":{"line":51,"column":2},"end":{"line":51,"column":null}},"10":{"start":{"line":51,"column":12},"end":{"line":51,"column":null}},"11":{"start":{"line":53,"column":18},"end":{"line":53,"column":33}},"12":{"start":{"line":54,"column":2},"end":{"line":54,"column":null}},"13":{"start":{"line":54,"column":16},"end":{"line":54,"column":null}},"14":{"start":{"line":56,"column":2},"end":{"line":56,"column":null}},"15":{"start":{"line":57,"column":16},"end":{"line":57,"column":null}},"16":{"start":{"line":58,"column":16},"end":{"line":58,"column":null}},"17":{"start":{"line":61,"column":6},"end":{"line":61,"column":40}},"18":{"start":{"line":62,"column":2},"end":{"line":94,"column":null}},"19":{"start":{"line":63,"column":4},"end":{"line":63,"column":null}},"20":{"start":{"line":64,"column":4},"end":{"line":64,"column":null}},"21":{"start":{"line":65,"column":4},"end":{"line":65,"column":null}},"22":{"start":{"line":68,"column":4},"end":{"line":68,"column":null}},"23":{"start":{"line":71,"column":10},"end":{"line":71,"column":57}},"24":{"start":{"line":72,"column":4},"end":{"line":82,"column":null}},"25":{"start":{"line":73,"column":23},"end":{"line":73,"column":null}},"26":{"start":{"line":74,"column":23},"end":{"line":74,"column":null}},"27":{"start":{"line":75,"column":6},"end":{"line":75,"column":null}},"28":{"start":{"line":76,"column":6},"end":{"line":76,"column":null}},"29":{"start":{"line":77,"column":6},"end":{"line":77,"column":null}},"30":{"start":{"line":78,"column":6},"end":{"line":82,"column":null}},"31":{"start":{"line":85,"column":4},"end":{"line":90,"column":null}},"32":{"start":{"line":86,"column":6},"end":{"line":90,"column":null}},"33":{"start":{"line":93,"column":4},"end":{"line":93,"column":null}},"34":{"start":{"line":94,"column":4},"end":{"line":94,"column":null}},"35":{"start":{"line":97,"column":2},"end":{"line":97,"column":null}},"36":{"start":{"line":98,"column":2},"end":{"line":98,"column":null}},"37":{"start":{"line":99,"column":2},"end":{"line":99,"column":null}},"38":{"start":{"line":106,"column":18},"end":{"line":106,"column":89}},"39":{"start":{"line":106,"column":70},"end":{"line":106,"column":89}},"40":{"start":{"line":107,"column":27},"end":{"line":117,"column":null}},"41":{"start":{"line":119,"column":2},"end":{"line":119,"column":null}},"42":{"start":{"line":120,"column":2},"end":{"line":120,"column":null}},"43":{"start":{"line":122,"column":2},"end":{"line":122,"column":null}},"44":{"start":{"line":129,"column":2},"end":{"line":129,"column":null}},"45":{"start":{"line":130,"column":16},"end":{"line":130,"column":null}},"46":{"start":{"line":131,"column":2},"end":{"line":131,"column":null}},"47":{"start":{"line":132,"column":2},"end":{"line":132,"column":null}},"48":{"start":{"line":133,"column":2},"end":{"line":133,"column":null}},"49":{"start":{"line":134,"column":2},"end":{"line":134,"column":null}},"50":{"start":{"line":141,"column":2},"end":{"line":144,"column":null}},"51":{"start":{"line":142,"column":4},"end":{"line":142,"column":null}},"52":{"start":{"line":143,"column":4},"end":{"line":143,"column":null}},"53":{"start":{"line":144,"column":4},"end":{"line":144,"column":null}},"54":{"start":{"line":152,"column":2},"end":{"line":152,"column":null}},"55":{"start":{"line":159,"column":2},"end":{"line":159,"column":null}},"56":{"start":{"line":159,"column":23},"end":{"line":159,"column":null}},"57":{"start":{"line":160,"column":2},"end":{"line":160,"column":null}},"58":{"start":{"line":161,"column":2},"end":{"line":161,"column":null}},"59":{"start":{"line":162,"column":2},"end":{"line":162,"column":null}},"60":{"start":{"line":169,"column":14},"end":{"line":169,"column":28}},"61":{"start":{"line":170,"column":2},"end":{"line":170,"column":null}},"62":{"start":{"line":170,"column":44},"end":{"line":170,"column":null}},"63":{"start":{"line":172,"column":30},"end":{"line":172,"column":null}},"64":{"start":{"line":173,"column":14},"end":{"line":173,"column":24}},"65":{"start":{"line":174,"column":18},"end":{"line":174,"column":null}},"66":{"start":{"line":175,"column":16},"end":{"line":175,"column":null}},"67":{"start":{"line":177,"column":2},"end":{"line":182,"column":null}},"68":{"start":{"line":178,"column":24},"end":{"line":178,"column":43}},"69":{"start":{"line":179,"column":18},"end":{"line":179,"column":63}},"70":{"start":{"line":180,"column":4},"end":{"line":180,"column":null}},"71":{"start":{"line":181,"column":4},"end":{"line":181,"column":null}},"72":{"start":{"line":182,"column":4},"end":{"line":182,"column":null}},"73":{"start":{"line":190,"column":14},"end":{"line":190,"column":28}},"74":{"start":{"line":191,"column":18},"end":{"line":191,"column":33}},"75":{"start":{"line":192,"column":2},"end":{"line":192,"column":null}},"76":{"start":{"line":192,"column":24},"end":{"line":192,"column":null}},"77":{"start":{"line":195,"column":2},"end":{"line":199,"column":null}},"78":{"start":{"line":196,"column":4},"end":{"line":196,"column":null}},"79":{"start":{"line":197,"column":4},"end":{"line":197,"column":null}},"80":{"start":{"line":198,"column":4},"end":{"line":199,"column":null}},"81":{"start":{"line":199,"column":6},"end":{"line":199,"column":null}},"82":{"start":{"line":208,"column":14},"end":{"line":208,"column":28}},"83":{"start":{"line":209,"column":2},"end":{"line":209,"column":null}},"84":{"start":{"line":209,"column":44},"end":{"line":209,"column":null}},"85":{"start":{"line":212,"column":2},"end":{"line":212,"column":null}},"86":{"start":{"line":213,"column":2},"end":{"line":213,"column":null}},"87":{"start":{"line":214,"column":2},"end":{"line":214,"column":null}},"88":{"start":{"line":215,"column":2},"end":{"line":215,"column":null}},"89":{"start":{"line":216,"column":2},"end":{"line":216,"column":null}}},"fnMap":{"0":{"name":"getActivePet","decl":{"start":{"line":32,"column":16},"end":{"line":32,"column":48}},"loc":{"start":{"line":32,"column":48},"end":{"line":34,"column":null}},"line":32},"1":{"name":"getPetSpecies","decl":{"start":{"line":40,"column":16},"end":{"line":40,"column":67}},"loc":{"start":{"line":40,"column":67},"end":{"line":43,"column":null}},"line":40},"2":{"name":"(anonymous_2)","decl":{"start":{"line":43,"column":21},"end":{"line":43,"column":27}},"loc":{"start":{"line":43,"column":61},"end":{"line":43,"column":84}},"line":43},"3":{"name":"addExp","decl":{"start":{"line":49,"column":16},"end":{"line":49,"column":23}},"loc":{"start":{"line":49,"column":79},"end":{"line":99,"column":null}},"line":49},"4":{"name":"createHatchedPet","decl":{"start":{"line":105,"column":16},"end":{"line":105,"column":33}},"loc":{"start":{"line":105,"column":62},"end":{"line":122,"column":null}},"line":105},"5":{"name":"(anonymous_5)","decl":{"start":{"line":106,"column":30},"end":{"line":106,"column":36}},"loc":{"start":{"line":106,"column":70},"end":{"line":106,"column":89}},"line":106},"6":{"name":"addPet","decl":{"start":{"line":128,"column":16},"end":{"line":128,"column":23}},"loc":{"start":{"line":128,"column":46},"end":{"line":134,"column":null}},"line":128},"7":{"name":"switchPet","decl":{"start":{"line":140,"column":16},"end":{"line":140,"column":26}},"loc":{"start":{"line":140,"column":41},"end":{"line":144,"column":null}},"line":140},"8":{"name":"canAddNewPet","decl":{"start":{"line":151,"column":16},"end":{"line":151,"column":40}},"loc":{"start":{"line":151,"column":40},"end":{"line":152,"column":null}},"line":151},"9":{"name":"startNewPetProcess","decl":{"start":{"line":158,"column":16},"end":{"line":158,"column":37}},"loc":{"start":{"line":158,"column":37},"end":{"line":162,"column":null}},"line":158},"10":{"name":"applyOfflineDecay","decl":{"start":{"line":168,"column":16},"end":{"line":168,"column":36}},"loc":{"start":{"line":168,"column":36},"end":{"line":182,"column":null}},"line":168},"11":{"name":"repairPetStats","decl":{"start":{"line":189,"column":16},"end":{"line":189,"column":33}},"loc":{"start":{"line":189,"column":33},"end":{"line":199,"column":null}},"line":189},"12":{"name":"tickStatDecay","decl":{"start":{"line":207,"column":16},"end":{"line":207,"column":32}},"loc":{"start":{"line":207,"column":32},"end":{"line":216,"column":null}},"line":207}},"branchMap":{"0":{"loc":{"start":{"line":33,"column":2},"end":{"line":33,"column":null}},"type":"if","locations":[{"start":{"line":33,"column":2},"end":{"line":33,"column":null}},{"start":{},"end":{}}],"line":33},"1":{"loc":{"start":{"line":34,"column":9},"end":{"line":34,"column":null}},"type":"binary-expr","locations":[{"start":{"line":34,"column":9},"end":{"line":34,"column":51}},{"start":{"line":34,"column":51},"end":{"line":34,"column":71}},{"start":{"line":34,"column":71},"end":{"line":34,"column":null}}],"line":34},"2":{"loc":{"start":{"line":42,"column":2},"end":{"line":42,"column":null}},"type":"if","locations":[{"start":{"line":42,"column":2},"end":{"line":42,"column":null}},{"start":{},"end":{}}],"line":42},"3":{"loc":{"start":{"line":43,"column":9},"end":{"line":43,"column":null}},"type":"binary-expr","locations":[{"start":{"line":43,"column":9},"end":{"line":43,"column":84}},{"start":{"line":43,"column":88},"end":{"line":43,"column":null}}],"line":43},"4":{"loc":{"start":{"line":51,"column":2},"end":{"line":51,"column":null}},"type":"if","locations":[{"start":{"line":51,"column":2},"end":{"line":51,"column":null}},{"start":{},"end":{}}],"line":51},"5":{"loc":{"start":{"line":54,"column":2},"end":{"line":54,"column":null}},"type":"if","locations":[{"start":{"line":54,"column":2},"end":{"line":54,"column":null}},{"start":{},"end":{}}],"line":54},"6":{"loc":{"start":{"line":62,"column":9},"end":{"line":62,"column":47}},"type":"binary-expr","locations":[{"start":{"line":62,"column":9},"end":{"line":62,"column":30}},{"start":{"line":62,"column":30},"end":{"line":62,"column":47}}],"line":62},"7":{"loc":{"start":{"line":72,"column":4},"end":{"line":82,"column":null}},"type":"if","locations":[{"start":{"line":72,"column":4},"end":{"line":82,"column":null}},{"start":{},"end":{}}],"line":72},"8":{"loc":{"start":{"line":85,"column":4},"end":{"line":90,"column":null}},"type":"if","locations":[{"start":{"line":85,"column":4},"end":{"line":90,"column":null}},{"start":{},"end":{}}],"line":85},"9":{"loc":{"start":{"line":141,"column":2},"end":{"line":144,"column":null}},"type":"if","locations":[{"start":{"line":141,"column":2},"end":{"line":144,"column":null}},{"start":{},"end":{}}],"line":141},"10":{"loc":{"start":{"line":141,"column":6},"end":{"line":141,"column":50}},"type":"binary-expr","locations":[{"start":{"line":141,"column":6},"end":{"line":141,"column":20}},{"start":{"line":141,"column":20},"end":{"line":141,"column":50}}],"line":141},"11":{"loc":{"start":{"line":159,"column":2},"end":{"line":159,"column":null}},"type":"if","locations":[{"start":{"line":159,"column":2},"end":{"line":159,"column":null}},{"start":{},"end":{}}],"line":159},"12":{"loc":{"start":{"line":170,"column":2},"end":{"line":170,"column":null}},"type":"if","locations":[{"start":{"line":170,"column":2},"end":{"line":170,"column":null}},{"start":{},"end":{}}],"line":170},"13":{"loc":{"start":{"line":170,"column":6},"end":{"line":170,"column":44}},"type":"binary-expr","locations":[{"start":{"line":170,"column":6},"end":{"line":170,"column":14}},{"start":{"line":170,"column":14},"end":{"line":170,"column":44}}],"line":170},"14":{"loc":{"start":{"line":177,"column":2},"end":{"line":182,"column":null}},"type":"if","locations":[{"start":{"line":177,"column":2},"end":{"line":182,"column":null}},{"start":{},"end":{}}],"line":177},"15":{"loc":{"start":{"line":192,"column":2},"end":{"line":192,"column":null}},"type":"if","locations":[{"start":{"line":192,"column":2},"end":{"line":192,"column":null}},{"start":{},"end":{}}],"line":192},"16":{"loc":{"start":{"line":192,"column":6},"end":{"line":192,"column":24}},"type":"binary-expr","locations":[{"start":{"line":192,"column":6},"end":{"line":192,"column":14}},{"start":{"line":192,"column":14},"end":{"line":192,"column":24}}],"line":192},"17":{"loc":{"start":{"line":195,"column":2},"end":{"line":199,"column":null}},"type":"if","locations":[{"start":{"line":195,"column":2},"end":{"line":199,"column":null}},{"start":{},"end":{}}],"line":195},"18":{"loc":{"start":{"line":195,"column":6},"end":{"line":195,"column":93}},"type":"binary-expr","locations":[{"start":{"line":195,"column":6},"end":{"line":195,"column":20}},{"start":{"line":195,"column":20},"end":{"line":195,"column":59}},{"start":{"line":195,"column":59},"end":{"line":195,"column":93}}],"line":195},"19":{"loc":{"start":{"line":198,"column":4},"end":{"line":199,"column":null}},"type":"if","locations":[{"start":{"line":198,"column":4},"end":{"line":199,"column":null}},{"start":{},"end":{}}],"line":198},"20":{"loc":{"start":{"line":198,"column":8},"end":{"line":198,"column":44}},"type":"binary-expr","locations":[{"start":{"line":198,"column":8},"end":{"line":198,"column":25}},{"start":{"line":198,"column":25},"end":{"line":198,"column":44}}],"line":198},"21":{"loc":{"start":{"line":209,"column":2},"end":{"line":209,"column":null}},"type":"if","locations":[{"start":{"line":209,"column":2},"end":{"line":209,"column":null}},{"start":{},"end":{}}],"line":209},"22":{"loc":{"start":{"line":209,"column":6},"end":{"line":209,"column":44}},"type":"binary-expr","locations":[{"start":{"line":209,"column":6},"end":{"line":209,"column":14}},{"start":{"line":209,"column":14},"end":{"line":209,"column":44}}],"line":209}},"s":{"0":12,"1":1,"2":11,"3":2,"4":2,"5":0,"6":2,"7":2,"8":2,"9":2,"10":0,"11":2,"12":2,"13":0,"14":2,"15":2,"16":2,"17":2,"18":2,"19":4,"20":4,"21":4,"22":4,"23":4,"24":4,"25":2,"26":2,"27":2,"28":2,"29":2,"30":2,"31":4,"32":0,"33":4,"34":4,"35":2,"36":2,"37":2,"38":11,"39":13,"40":11,"41":11,"42":11,"43":11,"44":11,"45":11,"46":11,"47":11,"48":11,"49":11,"50":1,"51":1,"52":1,"53":1,"54":2,"55":2,"56":1,"57":1,"58":1,"59":1,"60":0,"61":0,"62":0,"63":0,"64":0,"65":0,"66":0,"67":0,"68":0,"69":0,"70":0,"71":0,"72":0,"73":0,"74":0,"75":0,"76":0,"77":0,"78":0,"79":0,"80":0,"81":0,"82":0,"83":0,"84":0,"85":0,"86":0,"87":0,"88":0,"89":0},"f":{"0":12,"1":2,"2":2,"3":2,"4":11,"5":13,"6":11,"7":1,"8":2,"9":2,"10":0,"11":0,"12":0},"b":{"0":[1,11],"1":[11,0,0],"2":[0,2],"3":[2,0],"4":[0,2],"5":[0,2],"6":[2,4],"7":[2,2],"8":[0,4],"9":[1,0],"10":[1,1],"11":[1,1],"12":[0,0],"13":[0,0],"14":[0,0],"15":[0,0],"16":[0,0],"17":[0,0],"18":[0,0,0],"19":[0,0],"20":[0,0],"21":[0,0],"22":[0,0]},"meta":{"lastBranch":23,"lastFunction":13,"lastStatement":90,"seen":{"f:32:16:32:48":0,"b:33:2:33:Infinity:undefined:undefined:undefined:undefined":0,"s:33:2:33:Infinity":0,"s:33:34:33:Infinity":1,"s:34:2:34:Infinity":2,"b:34:9:34:51:34:51:34:71:34:71:34:Infinity":1,"f:40:16:40:67":1,"s:41:14:41:28":3,"b:42:2:42:Infinity:undefined:undefined:undefined:undefined":2,"s:42:2:42:Infinity":4,"s:42:12:42:Infinity":5,"s:43:2:43:Infinity":6,"b:43:9:43:84:43:88:43:Infinity":3,"f:43:21:43:27":2,"s:43:61:43:84":7,"f:49:16:49:23":3,"s:50:14:50:28":8,"b:51:2:51:Infinity:undefined:undefined:undefined:undefined":4,"s:51:2:51:Infinity":9,"s:51:12:51:Infinity":10,"s:53:18:53:33":11,"b:54:2:54:Infinity:undefined:undefined:undefined:undefined":5,"s:54:2:54:Infinity":12,"s:54:16:54:Infinity":13,"s:56:2:56:Infinity":14,"s:57:16:57:Infinity":15,"s:58:16:58:Infinity":16,"s:61:6:61:40":17,"s:62:2:94:Infinity":18,"b:62:9:62:30:62:30:62:47":6,"s:63:4:63:Infinity":19,"s:64:4:64:Infinity":20,"s:65:4:65:Infinity":21,"s:68:4:68:Infinity":22,"s:71:10:71:57":23,"b:72:4:82:Infinity:undefined:undefined:undefined:undefined":7,"s:72:4:82:Infinity":24,"s:73:23:73:Infinity":25,"s:74:23:74:Infinity":26,"s:75:6:75:Infinity":27,"s:76:6:76:Infinity":28,"s:77:6:77:Infinity":29,"s:78:6:82:Infinity":30,"b:85:4:90:Infinity:undefined:undefined:undefined:undefined":8,"s:85:4:90:Infinity":31,"s:86:6:90:Infinity":32,"s:93:4:93:Infinity":33,"s:94:4:94:Infinity":34,"s:97:2:97:Infinity":35,"s:98:2:98:Infinity":36,"s:99:2:99:Infinity":37,"f:105:16:105:33":4,"s:106:18:106:89":38,"f:106:30:106:36":5,"s:106:70:106:89":39,"s:107:27:117:Infinity":40,"s:119:2:119:Infinity":41,"s:120:2:120:Infinity":42,"s:122:2:122:Infinity":43,"f:128:16:128:23":6,"s:129:2:129:Infinity":44,"s:130:16:130:Infinity":45,"s:131:2:131:Infinity":46,"s:132:2:132:Infinity":47,"s:133:2:133:Infinity":48,"s:134:2:134:Infinity":49,"f:140:16:140:26":7,"b:141:2:144:Infinity:undefined:undefined:undefined:undefined":9,"s:141:2:144:Infinity":50,"b:141:6:141:20:141:20:141:50":10,"s:142:4:142:Infinity":51,"s:143:4:143:Infinity":52,"s:144:4:144:Infinity":53,"f:151:16:151:40":8,"s:152:2:152:Infinity":54,"f:158:16:158:37":9,"b:159:2:159:Infinity:undefined:undefined:undefined:undefined":11,"s:159:2:159:Infinity":55,"s:159:23:159:Infinity":56,"s:160:2:160:Infinity":57,"s:161:2:161:Infinity":58,"s:162:2:162:Infinity":59,"f:168:16:168:36":10,"s:169:14:169:28":60,"b:170:2:170:Infinity:undefined:undefined:undefined:undefined":12,"s:170:2:170:Infinity":61,"b:170:6:170:14:170:14:170:44":13,"s:170:44:170:Infinity":62,"s:172:30:172:Infinity":63,"s:173:14:173:24":64,"s:174:18:174:Infinity":65,"s:175:16:175:Infinity":66,"b:177:2:182:Infinity:undefined:undefined:undefined:undefined":14,"s:177:2:182:Infinity":67,"s:178:24:178:43":68,"s:179:18:179:63":69,"s:180:4:180:Infinity":70,"s:181:4:181:Infinity":71,"s:182:4:182:Infinity":72,"f:189:16:189:33":11,"s:190:14:190:28":73,"s:191:18:191:33":74,"b:192:2:192:Infinity:undefined:undefined:undefined:undefined":15,"s:192:2:192:Infinity":75,"b:192:6:192:14:192:14:192:24":16,"s:192:24:192:Infinity":76,"b:195:2:199:Infinity:undefined:undefined:undefined:undefined":17,"s:195:2:199:Infinity":77,"b:195:6:195:20:195:20:195:59:195:59:195:93":18,"s:196:4:196:Infinity":78,"s:197:4:197:Infinity":79,"b:198:4:199:Infinity:undefined:undefined:undefined:undefined":19,"s:198:4:199:Infinity":80,"b:198:8:198:25:198:25:198:44":20,"s:199:6:199:Infinity":81,"f:207:16:207:32":12,"s:208:14:208:28":82,"b:209:2:209:Infinity:undefined:undefined:undefined:undefined":21,"s:209:2:209:Infinity":83,"b:209:6:209:14:209:14:209:44":22,"s:209:44:209:Infinity":84,"s:212:2:212:Infinity":85,"s:213:2:213:Infinity":86,"s:214:2:214:Infinity":87,"s:215:2:215:Infinity":88,"s:216:2:216:Infinity":89}}}
,"/Users/jianwei/v5/xinxin/src/systems/store.ts": {"path":"/Users/jianwei/v5/xinxin/src/systems/store.ts","statementMap":{"0":{"start":{"line":29,"column":17},"end":{"line":29,"column":null}},"1":{"start":{"line":31,"column":32},"end":{"line":31,"column":34}},"2":{"start":{"line":34,"column":37},"end":{"line":34,"column":56}},"3":{"start":{"line":37,"column":2},"end":{"line":67,"column":null}},"4":{"start":{"line":74,"column":2},"end":{"line":74,"column":null}},"5":{"start":{"line":75,"column":2},"end":{"line":76,"column":null}},"6":{"start":{"line":76,"column":4},"end":{"line":76,"column":null}},"7":{"start":{"line":76,"column":40},"end":{"line":76,"column":49}},"8":{"start":{"line":84,"column":2},"end":{"line":84,"column":null}},"9":{"start":{"line":84,"column":28},"end":{"line":84,"column":32}},"10":{"start":{"line":91,"column":2},"end":{"line":91,"column":null}},"11":{"start":{"line":98,"column":2},"end":{"line":98,"column":null}},"12":{"start":{"line":99,"column":2},"end":{"line":99,"column":null}},"13":{"start":{"line":106,"column":14},"end":{"line":106,"column":44}},"14":{"start":{"line":107,"column":2},"end":{"line":133,"column":null}},"15":{"start":{"line":108,"column":4},"end":{"line":130,"column":null}},"16":{"start":{"line":109,"column":21},"end":{"line":109,"column":36}},"17":{"start":{"line":112,"column":6},"end":{"line":116,"column":null}},"18":{"start":{"line":113,"column":8},"end":{"line":113,"column":null}},"19":{"start":{"line":114,"column":8},"end":{"line":114,"column":null}},"20":{"start":{"line":115,"column":8},"end":{"line":115,"column":null}},"21":{"start":{"line":116,"column":8},"end":{"line":116,"column":null}},"22":{"start":{"line":120,"column":6},"end":{"line":127,"column":null}},"23":{"start":{"line":129,"column":6},"end":{"line":129,"column":null}},"24":{"start":{"line":130,"column":6},"end":{"line":130,"column":null}},"25":{"start":{"line":133,"column":4},"end":{"line":133,"column":null}},"26":{"start":{"line":135,"column":2},"end":{"line":135,"column":null}},"27":{"start":{"line":142,"column":2},"end":{"line":142,"column":null}},"28":{"start":{"line":143,"column":2},"end":{"line":143,"column":null}},"29":{"start":{"line":144,"column":2},"end":{"line":144,"column":null}},"30":{"start":{"line":151,"column":2},"end":{"line":151,"column":null}},"31":{"start":{"line":152,"column":2},"end":{"line":152,"column":null}},"32":{"start":{"line":153,"column":2},"end":{"line":153,"column":null}},"33":{"start":{"line":160,"column":2},"end":{"line":160,"column":null}}},"fnMap":{"0":{"name":"createDefaultData","decl":{"start":{"line":36,"column":9},"end":{"line":36,"column":44}},"loc":{"start":{"line":36,"column":44},"end":{"line":67,"column":null}},"line":36},"1":{"name":"subscribe","decl":{"start":{"line":73,"column":16},"end":{"line":73,"column":26}},"loc":{"start":{"line":73,"column":42},"end":{"line":76,"column":null}},"line":73},"2":{"name":"(anonymous_2)","decl":{"start":{"line":75,"column":2},"end":{"line":75,"column":15}},"loc":{"start":{"line":75,"column":15},"end":{"line":76,"column":null}},"line":75},"3":{"name":"(anonymous_3)","decl":{"start":{"line":76,"column":26},"end":{"line":76,"column":34}},"loc":{"start":{"line":76,"column":40},"end":{"line":76,"column":49}},"line":76},"4":{"name":"notify","decl":{"start":{"line":83,"column":16},"end":{"line":83,"column":25}},"loc":{"start":{"line":83,"column":25},"end":{"line":84,"column":null}},"line":83},"5":{"name":"(anonymous_5)","decl":{"start":{"line":84,"column":12},"end":{"line":84,"column":21}},"loc":{"start":{"line":84,"column":28},"end":{"line":84,"column":32}},"line":84},"6":{"name":"getState","decl":{"start":{"line":90,"column":16},"end":{"line":90,"column":42}},"loc":{"start":{"line":90,"column":42},"end":{"line":91,"column":null}},"line":90},"7":{"name":"save","decl":{"start":{"line":97,"column":16},"end":{"line":97,"column":23}},"loc":{"start":{"line":97,"column":23},"end":{"line":99,"column":null}},"line":97},"8":{"name":"load","decl":{"start":{"line":105,"column":16},"end":{"line":105,"column":38}},"loc":{"start":{"line":105,"column":38},"end":{"line":135,"column":null}},"line":105},"9":{"name":"resetGame","decl":{"start":{"line":141,"column":16},"end":{"line":141,"column":28}},"loc":{"start":{"line":141,"column":28},"end":{"line":144,"column":null}},"line":141},"10":{"name":"addCoins","decl":{"start":{"line":150,"column":16},"end":{"line":150,"column":25}},"loc":{"start":{"line":150,"column":41},"end":{"line":153,"column":null}},"line":150},"11":{"name":"setState","decl":{"start":{"line":159,"column":16},"end":{"line":159,"column":25}},"loc":{"start":{"line":159,"column":55},"end":{"line":160,"column":null}},"line":159}},"branchMap":{"0":{"loc":{"start":{"line":107,"column":2},"end":{"line":133,"column":null}},"type":"if","locations":[{"start":{"line":107,"column":2},"end":{"line":133,"column":null}},{"start":{"line":132,"column":9},"end":{"line":133,"column":null}}],"line":107},"1":{"loc":{"start":{"line":112,"column":6},"end":{"line":116,"column":null}},"type":"if","locations":[{"start":{"line":112,"column":6},"end":{"line":116,"column":null}},{"start":{},"end":{}}],"line":112},"2":{"loc":{"start":{"line":112,"column":10},"end":{"line":112,"column":68}},"type":"binary-expr","locations":[{"start":{"line":112,"column":10},"end":{"line":112,"column":25}},{"start":{"line":112,"column":25},"end":{"line":112,"column":41}},{"start":{"line":112,"column":41},"end":{"line":112,"column":68}}],"line":112},"3":{"loc":{"start":{"line":123,"column":14},"end":{"line":123,"column":31}},"type":"binary-expr","locations":[{"start":{"line":123,"column":14},"end":{"line":123,"column":29}},{"start":{"line":123,"column":29},"end":{"line":123,"column":31}}],"line":123},"4":{"loc":{"start":{"line":124,"column":24},"end":{"line":124,"column":null}},"type":"cond-expr","locations":[{"start":{"line":124,"column":68},"end":{"line":124,"column":92}},{"start":{"line":124,"column":92},"end":{"line":124,"column":null}}],"line":124},"5":{"loc":{"start":{"line":125,"column":51},"end":{"line":125,"column":72}},"type":"binary-expr","locations":[{"start":{"line":125,"column":51},"end":{"line":125,"column":67}},{"start":{"line":125,"column":67},"end":{"line":125,"column":72}}],"line":125},"6":{"loc":{"start":{"line":126,"column":59},"end":{"line":126,"column":null}},"type":"binary-expr","locations":[{"start":{"line":126,"column":59},"end":{"line":126,"column":79}},{"start":{"line":126,"column":79},"end":{"line":126,"column":null}}],"line":126}},"s":{"0":4,"1":4,"2":4,"3":85,"4":2,"5":2,"6":1,"7":2,"8":324,"9":161,"10":22,"11":257,"12":257,"13":1,"14":1,"15":1,"16":1,"17":1,"18":0,"19":0,"20":0,"21":0,"22":1,"23":0,"24":0,"25":0,"26":1,"27":78,"28":78,"29":78,"30":0,"31":0,"32":0,"33":0},"f":{"0":85,"1":2,"2":1,"3":2,"4":324,"5":161,"6":22,"7":257,"8":1,"9":78,"10":0,"11":0},"b":{"0":[1,0],"1":[0,1],"2":[1,0,0],"3":[1,0],"4":[1,0],"5":[1,0],"6":[1,0]},"meta":{"lastBranch":7,"lastFunction":12,"lastStatement":34,"seen":{"s:29:17:29:Infinity":0,"s:31:32:31:34":1,"s:34:37:34:56":2,"f:36:9:36:44":0,"s:37:2:67:Infinity":3,"f:73:16:73:26":1,"s:74:2:74:Infinity":4,"s:75:2:76:Infinity":5,"f:75:2:75:15":2,"s:76:4:76:Infinity":6,"f:76:26:76:34":3,"s:76:40:76:49":7,"f:83:16:83:25":4,"s:84:2:84:Infinity":8,"f:84:12:84:21":5,"s:84:28:84:32":9,"f:90:16:90:42":6,"s:91:2:91:Infinity":10,"f:97:16:97:23":7,"s:98:2:98:Infinity":11,"s:99:2:99:Infinity":12,"f:105:16:105:38":8,"s:106:14:106:44":13,"b:107:2:133:Infinity:132:9:133:Infinity":0,"s:107:2:133:Infinity":14,"s:108:4:130:Infinity":15,"s:109:21:109:36":16,"b:112:6:116:Infinity:undefined:undefined:undefined:undefined":1,"s:112:6:116:Infinity":17,"b:112:10:112:25:112:25:112:41:112:41:112:68":2,"s:113:8:113:Infinity":18,"s:114:8:114:Infinity":19,"s:115:8:115:Infinity":20,"s:116:8:116:Infinity":21,"s:120:6:127:Infinity":22,"b:123:14:123:29:123:29:123:31":3,"b:124:68:124:92:124:92:124:Infinity":4,"b:125:51:125:67:125:67:125:72":5,"b:126:59:126:79:126:79:126:Infinity":6,"s:129:6:129:Infinity":23,"s:130:6:130:Infinity":24,"s:133:4:133:Infinity":25,"s:135:2:135:Infinity":26,"f:141:16:141:28":9,"s:142:2:142:Infinity":27,"s:143:2:143:Infinity":28,"s:144:2:144:Infinity":29,"f:150:16:150:25":10,"s:151:2:151:Infinity":30,"s:152:2:152:Infinity":31,"s:153:2:153:Infinity":32,"f:159:16:159:25":11,"s:160:2:160:Infinity":33}}}
,"/Users/jianwei/v5/xinxin/src/systems/taskSystem.ts": {"path":"/Users/jianwei/v5/xinxin/src/systems/taskSystem.ts","statementMap":{"0":{"start":{"line":30,"column":19},"end":{"line":30,"column":80}},"1":{"start":{"line":30,"column":60},"end":{"line":30,"column":80}},"2":{"start":{"line":31,"column":2},"end":{"line":35,"column":null}},"3":{"start":{"line":32,"column":4},"end":{"line":32,"column":null}},"4":{"start":{"line":33,"column":4},"end":{"line":33,"column":null}},"5":{"start":{"line":35,"column":4},"end":{"line":35,"column":null}},"6":{"start":{"line":37,"column":2},"end":{"line":37,"column":null}},"7":{"start":{"line":38,"column":2},"end":{"line":38,"column":null}},"8":{"start":{"line":45,"column":15},"end":{"line":45,"column":76}},"9":{"start":{"line":45,"column":56},"end":{"line":45,"column":76}},"10":{"start":{"line":46,"column":2},"end":{"line":46,"column":null}},"11":{"start":{"line":46,"column":48},"end":{"line":46,"column":null}},"12":{"start":{"line":48,"column":2},"end":{"line":48,"column":null}},"13":{"start":{"line":49,"column":2},"end":{"line":49,"column":null}},"14":{"start":{"line":52,"column":18},"end":{"line":52,"column":58}},"15":{"start":{"line":52,"column":42},"end":{"line":52,"column":58}},"16":{"start":{"line":53,"column":2},"end":{"line":55,"column":null}},"17":{"start":{"line":54,"column":4},"end":{"line":54,"column":null}},"18":{"start":{"line":55,"column":4},"end":{"line":55,"column":null}},"19":{"start":{"line":61,"column":2},"end":{"line":61,"column":null}},"20":{"start":{"line":62,"column":2},"end":{"line":62,"column":null}},"21":{"start":{"line":63,"column":2},"end":{"line":63,"column":null}},"22":{"start":{"line":74,"column":19},"end":{"line":74,"column":94}},"23":{"start":{"line":74,"column":67},"end":{"line":74,"column":94}},"24":{"start":{"line":75,"column":2},"end":{"line":79,"column":null}},"25":{"start":{"line":76,"column":4},"end":{"line":76,"column":null}},"26":{"start":{"line":77,"column":4},"end":{"line":77,"column":null}},"27":{"start":{"line":79,"column":4},"end":{"line":79,"column":null}},"28":{"start":{"line":81,"column":2},"end":{"line":81,"column":null}},"29":{"start":{"line":88,"column":14},"end":{"line":88,"column":89}},"30":{"start":{"line":88,"column":62},"end":{"line":88,"column":89}},"31":{"start":{"line":89,"column":2},"end":{"line":89,"column":null}},"32":{"start":{"line":89,"column":45},"end":{"line":89,"column":null}},"33":{"start":{"line":91,"column":2},"end":{"line":91,"column":null}},"34":{"start":{"line":92,"column":2},"end":{"line":92,"column":null}},"35":{"start":{"line":93,"column":2},"end":{"line":93,"column":null}},"36":{"start":{"line":94,"column":2},"end":{"line":94,"column":null}},"37":{"start":{"line":101,"column":12},"end":{"line":101,"column":22}},"38":{"start":{"line":102,"column":2},"end":{"line":102,"column":null}},"39":{"start":{"line":109,"column":16},"end":{"line":109,"column":32}},"40":{"start":{"line":110,"column":2},"end":{"line":115,"column":null}},"41":{"start":{"line":111,"column":4},"end":{"line":111,"column":null}},"42":{"start":{"line":112,"column":4},"end":{"line":112,"column":null}},"43":{"start":{"line":114,"column":4},"end":{"line":114,"column":null}},"44":{"start":{"line":115,"column":4},"end":{"line":115,"column":null}},"45":{"start":{"line":123,"column":2},"end":{"line":126,"column":null}},"46":{"start":{"line":124,"column":21},"end":{"line":124,"column":null}},"47":{"start":{"line":124,"column":62},"end":{"line":124,"column":83}},"48":{"start":{"line":125,"column":4},"end":{"line":125,"column":null}},"49":{"start":{"line":133,"column":2},"end":{"line":136,"column":null}},"50":{"start":{"line":134,"column":21},"end":{"line":134,"column":null}},"51":{"start":{"line":134,"column":69},"end":{"line":134,"column":89}},"52":{"start":{"line":135,"column":4},"end":{"line":135,"column":null}},"53":{"start":{"line":140,"column":38},"end":{"line":181,"column":null}},"54":{"start":{"line":184,"column":39},"end":{"line":233,"column":null}}},"fnMap":{"0":{"name":"setTaskProgress","decl":{"start":{"line":29,"column":16},"end":{"line":29,"column":32}},"loc":{"start":{"line":29,"column":86},"end":{"line":38,"column":null}},"line":29},"1":{"name":"(anonymous_1)","decl":{"start":{"line":30,"column":34},"end":{"line":30,"column":40}},"loc":{"start":{"line":30,"column":60},"end":{"line":30,"column":80}},"line":30},"2":{"name":"claimTaskReward","decl":{"start":{"line":44,"column":16},"end":{"line":44,"column":32}},"loc":{"start":{"line":44,"column":57},"end":{"line":63,"column":null}},"line":44},"3":{"name":"(anonymous_3)","decl":{"start":{"line":45,"column":30},"end":{"line":45,"column":36}},"loc":{"start":{"line":45,"column":56},"end":{"line":45,"column":76}},"line":45},"4":{"name":"(anonymous_4)","decl":{"start":{"line":52,"column":30},"end":{"line":52,"column":36}},"loc":{"start":{"line":52,"column":42},"end":{"line":52,"column":58}},"line":52},"5":{"name":"setAchievementProgress","decl":{"start":{"line":69,"column":16},"end":{"line":69,"column":null}},"loc":{"start":{"line":73,"column":2},"end":{"line":81,"column":null}},"line":73},"6":{"name":"(anonymous_6)","decl":{"start":{"line":74,"column":41},"end":{"line":74,"column":47}},"loc":{"start":{"line":74,"column":67},"end":{"line":74,"column":94}},"line":74},"7":{"name":"claimAchievementReward","decl":{"start":{"line":87,"column":16},"end":{"line":87,"column":39}},"loc":{"start":{"line":87,"column":71},"end":{"line":94,"column":null}},"line":87},"8":{"name":"(anonymous_8)","decl":{"start":{"line":88,"column":36},"end":{"line":88,"column":42}},"loc":{"start":{"line":88,"column":62},"end":{"line":88,"column":89}},"line":88},"9":{"name":"getTodayString","decl":{"start":{"line":100,"column":16},"end":{"line":100,"column":41}},"loc":{"start":{"line":100,"column":41},"end":{"line":102,"column":null}},"line":100},"10":{"name":"checkAndResetDailyTasks","decl":{"start":{"line":108,"column":16},"end":{"line":108,"column":42}},"loc":{"start":{"line":108,"column":42},"end":{"line":115,"column":null}},"line":108},"11":{"name":"getDailyTasksWithProgress","decl":{"start":{"line":122,"column":16},"end":{"line":122,"column":96}},"loc":{"start":{"line":122,"column":96},"end":{"line":126,"column":null}},"line":122},"12":{"name":"(anonymous_12)","decl":{"start":{"line":123,"column":21},"end":{"line":123,"column":26}},"loc":{"start":{"line":123,"column":35},"end":{"line":126,"column":null}},"line":123},"13":{"name":"(anonymous_13)","decl":{"start":{"line":124,"column":36},"end":{"line":124,"column":42}},"loc":{"start":{"line":124,"column":62},"end":{"line":124,"column":83}},"line":124},"14":{"name":"getAchievementsWithProgress","decl":{"start":{"line":132,"column":16},"end":{"line":132,"column":98}},"loc":{"start":{"line":132,"column":98},"end":{"line":136,"column":null}},"line":132},"15":{"name":"(anonymous_15)","decl":{"start":{"line":133,"column":22},"end":{"line":133,"column":27}},"loc":{"start":{"line":133,"column":35},"end":{"line":136,"column":null}},"line":133},"16":{"name":"(anonymous_16)","decl":{"start":{"line":134,"column":43},"end":{"line":134,"column":49}},"loc":{"start":{"line":134,"column":69},"end":{"line":134,"column":89}},"line":134}},"branchMap":{"0":{"loc":{"start":{"line":31,"column":2},"end":{"line":35,"column":null}},"type":"if","locations":[{"start":{"line":31,"column":2},"end":{"line":35,"column":null}},{"start":{"line":34,"column":9},"end":{"line":35,"column":null}}],"line":31},"1":{"loc":{"start":{"line":46,"column":2},"end":{"line":46,"column":null}},"type":"if","locations":[{"start":{"line":46,"column":2},"end":{"line":46,"column":null}},{"start":{},"end":{}}],"line":46},"2":{"loc":{"start":{"line":46,"column":6},"end":{"line":46,"column":48}},"type":"binary-expr","locations":[{"start":{"line":46,"column":6},"end":{"line":46,"column":15}},{"start":{"line":46,"column":15},"end":{"line":46,"column":34}},{"start":{"line":46,"column":34},"end":{"line":46,"column":48}}],"line":46},"3":{"loc":{"start":{"line":53,"column":2},"end":{"line":55,"column":null}},"type":"if","locations":[{"start":{"line":53,"column":2},"end":{"line":55,"column":null}},{"start":{},"end":{}}],"line":53},"4":{"loc":{"start":{"line":55,"column":4},"end":{"line":55,"column":null}},"type":"if","locations":[{"start":{"line":55,"column":4},"end":{"line":55,"column":null}},{"start":{},"end":{}}],"line":55},"5":{"loc":{"start":{"line":75,"column":2},"end":{"line":79,"column":null}},"type":"if","locations":[{"start":{"line":75,"column":2},"end":{"line":79,"column":null}},{"start":{"line":78,"column":9},"end":{"line":79,"column":null}}],"line":75},"6":{"loc":{"start":{"line":89,"column":2},"end":{"line":89,"column":null}},"type":"if","locations":[{"start":{"line":89,"column":2},"end":{"line":89,"column":null}},{"start":{},"end":{}}],"line":89},"7":{"loc":{"start":{"line":89,"column":6},"end":{"line":89,"column":45}},"type":"binary-expr","locations":[{"start":{"line":89,"column":6},"end":{"line":89,"column":14}},{"start":{"line":89,"column":14},"end":{"line":89,"column":32}},{"start":{"line":89,"column":32},"end":{"line":89,"column":45}}],"line":89},"8":{"loc":{"start":{"line":110,"column":2},"end":{"line":115,"column":null}},"type":"if","locations":[{"start":{"line":110,"column":2},"end":{"line":115,"column":null}},{"start":{},"end":{}}],"line":110},"9":{"loc":{"start":{"line":124,"column":21},"end":{"line":124,"column":null}},"type":"binary-expr","locations":[{"start":{"line":124,"column":21},"end":{"line":124,"column":83}},{"start":{"line":124,"column":87},"end":{"line":124,"column":null}}],"line":124},"10":{"loc":{"start":{"line":134,"column":21},"end":{"line":134,"column":null}},"type":"binary-expr","locations":[{"start":{"line":134,"column":21},"end":{"line":134,"column":89}},{"start":{"line":134,"column":93},"end":{"line":134,"column":null}}],"line":134}},"s":{"0":11,"1":1,"2":11,"3":1,"4":1,"5":10,"6":11,"7":11,"8":7,"9":7,"10":7,"11":2,"12":5,"13":5,"14":5,"15":9,"16":5,"17":4,"18":4,"19":5,"20":5,"21":5,"22":6,"23":1,"24":6,"25":1,"26":1,"27":5,"28":6,"29":2,"30":2,"31":2,"32":1,"33":1,"34":1,"35":1,"36":1,"37":5,"38":5,"39":3,"40":3,"41":2,"42":2,"43":2,"44":2,"45":3,"46":15,"47":5,"48":15,"49":2,"50":12,"51":6,"52":12,"53":2,"54":2},"f":{"0":11,"1":1,"2":7,"3":7,"4":9,"5":6,"6":1,"7":2,"8":2,"9":5,"10":3,"11":3,"12":15,"13":5,"14":2,"15":12,"16":6},"b":{"0":[1,10],"1":[2,5],"2":[7,7,6],"3":[4,1],"4":[4,0],"5":[1,5],"6":[1,1],"7":[2,2,1],"8":[2,1],"9":[15,14],"10":[12,11]},"meta":{"lastBranch":11,"lastFunction":17,"lastStatement":55,"seen":{"f:29:16:29:32":0,"s:30:19:30:80":0,"f:30:34:30:40":1,"s:30:60:30:80":1,"b:31:2:35:Infinity:34:9:35:Infinity":0,"s:31:2:35:Infinity":2,"s:32:4:32:Infinity":3,"s:33:4:33:Infinity":4,"s:35:4:35:Infinity":5,"s:37:2:37:Infinity":6,"s:38:2:38:Infinity":7,"f:44:16:44:32":2,"s:45:15:45:76":8,"f:45:30:45:36":3,"s:45:56:45:76":9,"b:46:2:46:Infinity:undefined:undefined:undefined:undefined":1,"s:46:2:46:Infinity":10,"b:46:6:46:15:46:15:46:34:46:34:46:48":2,"s:46:48:46:Infinity":11,"s:48:2:48:Infinity":12,"s:49:2:49:Infinity":13,"s:52:18:52:58":14,"f:52:30:52:36":4,"s:52:42:52:58":15,"b:53:2:55:Infinity:undefined:undefined:undefined:undefined":3,"s:53:2:55:Infinity":16,"s:54:4:54:Infinity":17,"b:55:4:55:Infinity:undefined:undefined:undefined:undefined":4,"s:55:4:55:Infinity":18,"s:61:2:61:Infinity":19,"s:62:2:62:Infinity":20,"s:63:2:63:Infinity":21,"f:69:16:69:Infinity":5,"s:74:19:74:94":22,"f:74:41:74:47":6,"s:74:67:74:94":23,"b:75:2:79:Infinity:78:9:79:Infinity":5,"s:75:2:79:Infinity":24,"s:76:4:76:Infinity":25,"s:77:4:77:Infinity":26,"s:79:4:79:Infinity":27,"s:81:2:81:Infinity":28,"f:87:16:87:39":7,"s:88:14:88:89":29,"f:88:36:88:42":8,"s:88:62:88:89":30,"b:89:2:89:Infinity:undefined:undefined:undefined:undefined":6,"s:89:2:89:Infinity":31,"b:89:6:89:14:89:14:89:32:89:32:89:45":7,"s:89:45:89:Infinity":32,"s:91:2:91:Infinity":33,"s:92:2:92:Infinity":34,"s:93:2:93:Infinity":35,"s:94:2:94:Infinity":36,"f:100:16:100:41":9,"s:101:12:101:22":37,"s:102:2:102:Infinity":38,"f:108:16:108:42":10,"s:109:16:109:32":39,"b:110:2:115:Infinity:undefined:undefined:undefined:undefined":8,"s:110:2:115:Infinity":40,"s:111:4:111:Infinity":41,"s:112:4:112:Infinity":42,"s:114:4:114:Infinity":43,"s:115:4:115:Infinity":44,"f:122:16:122:96":11,"s:123:2:126:Infinity":45,"f:123:21:123:26":12,"s:124:21:124:Infinity":46,"b:124:21:124:83:124:87:124:Infinity":9,"f:124:36:124:42":13,"s:124:62:124:83":47,"s:125:4:125:Infinity":48,"f:132:16:132:98":14,"s:133:2:136:Infinity":49,"f:133:22:133:27":15,"s:134:21:134:Infinity":50,"b:134:21:134:89:134:93:134:Infinity":10,"f:134:43:134:49":16,"s:134:69:134:89":51,"s:135:4:135:Infinity":52,"s:140:38:181:Infinity":53,"s:184:39:233:Infinity":54}}}
}
